[ 2016-01-19T17:38:43+08:00 ] ::1 /owl/index.php/Home/Index
INFO: [ app_init ] --START--
INFO: Run Behavior\BuildLiteBehavior [ RunTime:0.000000s ]
INFO: [ app_init ] --END-- [ RunTime:0.010001s ]
INFO: [ app_begin ] --START--
INFO: Run Behavior\ReadHtmlCacheBehavior [ RunTime:0.006000s ]
INFO: [ app_begin ] --END-- [ RunTime:0.006000s ]
NOTIC: [2] session_start(): open(C:\Windows\sess_2u5h4d0r4tv0q37ftsokp0oa10, O_RDWR) failed: Permission denied (13) D:\phpStudy\WWW\owl\ThinkPHP\Common\functions.php 第 1263 行.
INFO: [ view_parse ] --START--
INFO: Run Behavior\ParseTemplateBehavior [ RunTime:0.002000s ]
INFO: [ view_parse ] --END-- [ RunTime:0.002000s ]
INFO: [ view_filter ] --START--
INFO: Run Behavior\WriteHtmlCacheBehavior [ RunTime:0.012002s ]
INFO: [ view_filter ] --END-- [ RunTime:0.012002s ]
INFO: [ app_end ] --START--
INFO: Run Behavior\ShowPageTraceBehavior [ RunTime:0.006000s ]
INFO: [ app_end ] --END-- [ RunTime:0.006000s ]

[ 2016-01-19T17:38:48+08:00 ] ::1 /owl/index.php/Home/Login
INFO: [ app_init ] --START--
INFO: Run Behavior\BuildLiteBehavior [ RunTime:0.000000s ]
INFO: [ app_init ] --END-- [ RunTime:0.000000s ]
INFO: [ app_begin ] --START--
INFO: Run Behavior\ReadHtmlCacheBehavior [ RunTime:0.001000s ]
INFO: [ app_begin ] --END-- [ RunTime:0.001000s ]
NOTIC: [2] session_start(): open(C:\Windows\sess_2u5h4d0r4tv0q37ftsokp0oa10, O_RDWR) failed: Permission denied (13) D:\phpStudy\WWW\owl\ThinkPHP\Common\functions.php 第 1263 行.

[ 2016-01-19T17:38:48+08:00 ] ::1 /owl/index.php/Home/login.html
INFO: [ app_init ] --START--
INFO: Run Behavior\BuildLiteBehavior [ RunTime:0.000000s ]
INFO: [ app_init ] --END-- [ RunTime:0.000000s ]
INFO: [ app_begin ] --START--
INFO: Run Behavior\ReadHtmlCacheBehavior [ RunTime:0.001000s ]
INFO: [ app_begin ] --END-- [ RunTime:0.001000s ]
NOTIC: [2] session_start(): open(C:\Windows\sess_2u5h4d0r4tv0q37ftsokp0oa10, O_RDWR) failed: Permission denied (13) D:\phpStudy\WWW\owl\ThinkPHP\Common\functions.php 第 1263 行.

[ 2016-01-19T17:38:48+08:00 ] ::1 /owl/index.php/Home/login.html
INFO: [ app_init ] --START--
INFO: Run Behavior\BuildLiteBehavior [ RunTime:0.000000s ]
INFO: [ app_init ] --END-- [ RunTime:0.000000s ]
INFO: [ app_begin ] --START--
INFO: Run Behavior\ReadHtmlCacheBehavior [ RunTime:0.001000s ]
INFO: [ app_begin ] --END-- [ RunTime:0.001000s ]
NOTIC: [2] session_start(): open(C:\Windows\sess_2u5h4d0r4tv0q37ftsokp0oa10, O_RDWR) failed: Permission denied (13) D:\phpStudy\WWW\owl\ThinkPHP\Common\functions.php 第 1263 行.

[ 2016-01-19T17:38:48+08:00 ] ::1 /owl/index.php/Home/login.html
INFO: [ app_init ] --START--
INFO: Run Behavior\BuildLiteBehavior [ RunTime:0.000000s ]
INFO: [ app_init ] --END-- [ RunTime:0.001000s ]
INFO: [ app_begin ] --START--
INFO: Run Behavior\ReadHtmlCacheBehavior [ RunTime:0.001000s ]
INFO: [ app_begin ] --END-- [ RunTime:0.001000s ]
NOTIC: [2] session_start(): open(C:\Windows\sess_2u5h4d0r4tv0q37ftsokp0oa10, O_RDWR) failed: Permission denied (13) D:\phpStudy\WWW\owl\ThinkPHP\Common\functions.php 第 1263 行.

[ 2016-01-19T17:38:48+08:00 ] ::1 /owl/index.php/Home/login.html
INFO: [ app_init ] --START--
INFO: Run Behavior\BuildLiteBehavior [ RunTime:0.000000s ]
INFO: [ app_init ] --END-- [ RunTime:0.000000s ]
INFO: [ app_begin ] --START--
INFO: Run Behavior\ReadHtmlCacheBehavior [ RunTime:0.000000s ]
INFO: [ app_begin ] --END-- [ RunTime:0.000000s ]
NOTIC: [2] session_start(): open(C:\Windows\sess_2u5h4d0r4tv0q37ftsokp0oa10, O_RDWR) failed: Permission denied (13) D:\phpStudy\WWW\owl\ThinkPHP\Common\functions.php 第 1263 行.

[ 2016-01-19T17:38:48+08:00 ] ::1 /owl/index.php/Home/login.html
INFO: [ app_init ] --START--
INFO: Run Behavior\BuildLiteBehavior [ RunTime:0.000000s ]
INFO: [ app_init ] --END-- [ RunTime:0.000000s ]
INFO: [ app_begin ] --START--
INFO: Run Behavior\ReadHtmlCacheBehavior [ RunTime:0.001000s ]
INFO: [ app_begin ] --END-- [ RunTime:0.001000s ]
NOTIC: [2] session_start(): open(C:\Windows\sess_2u5h4d0r4tv0q37ftsokp0oa10, O_RDWR) failed: Permission denied (13) D:\phpStudy\WWW\owl\ThinkPHP\Common\functions.php 第 1263 行.

[ 2016-01-19T17:38:48+08:00 ] ::1 /owl/index.php/Home/login.html
INFO: [ app_init ] --START--
INFO: Run Behavior\BuildLiteBehavior [ RunTime:0.000000s ]
INFO: [ app_init ] --END-- [ RunTime:0.000000s ]
INFO: [ app_begin ] --START--
INFO: Run Behavior\ReadHtmlCacheBehavior [ RunTime:0.000000s ]
INFO: [ app_begin ] --END-- [ RunTime:0.000000s ]
NOTIC: [2] session_start(): open(C:\Windows\sess_2u5h4d0r4tv0q37ftsokp0oa10, O_RDWR) failed: Permission denied (13) D:\phpStudy\WWW\owl\ThinkPHP\Common\functions.php 第 1263 行.

[ 2016-01-19T17:38:48+08:00 ] ::1 /owl/index.php/Home/login.html
INFO: [ app_init ] --START--
INFO: Run Behavior\BuildLiteBehavior [ RunTime:0.000000s ]
INFO: [ app_init ] --END-- [ RunTime:0.000000s ]
INFO: [ app_begin ] --START--
INFO: Run Behavior\ReadHtmlCacheBehavior [ RunTime:0.001000s ]
INFO: [ app_begin ] --END-- [ RunTime:0.001000s ]
NOTIC: [2] session_start(): open(C:\Windows\sess_2u5h4d0r4tv0q37ftsokp0oa10, O_RDWR) failed: Permission denied (13) D:\phpStudy\WWW\owl\ThinkPHP\Common\functions.php 第 1263 行.

[ 2016-01-19T17:38:48+08:00 ] ::1 /owl/index.php/Home/login.html
INFO: [ app_init ] --START--
INFO: Run Behavior\BuildLiteBehavior [ RunTime:0.000000s ]
INFO: [ app_init ] --END-- [ RunTime:0.001000s ]
INFO: [ app_begin ] --START--
INFO: Run Behavior\ReadHtmlCacheBehavior [ RunTime:0.001000s ]
INFO: [ app_begin ] --END-- [ RunTime:0.001000s ]
NOTIC: [2] session_start(): open(C:\Windows\sess_2u5h4d0r4tv0q37ftsokp0oa10, O_RDWR) failed: Permission denied (13) D:\phpStudy\WWW\owl\ThinkPHP\Common\functions.php 第 1263 行.

[ 2016-01-19T17:38:48+08:00 ] ::1 /owl/index.php/Home/login.html
INFO: [ app_init ] --START--
INFO: Run Behavior\BuildLiteBehavior [ RunTime:0.000000s ]
INFO: [ app_init ] --END-- [ RunTime:0.000000s ]
INFO: [ app_begin ] --START--
INFO: Run Behavior\ReadHtmlCacheBehavior [ RunTime:0.001001s ]
INFO: [ app_begin ] --END-- [ RunTime:0.001001s ]
NOTIC: [2] session_start(): open(C:\Windows\sess_2u5h4d0r4tv0q37ftsokp0oa10, O_RDWR) failed: Permission denied (13) D:\phpStudy\WWW\owl\ThinkPHP\Common\functions.php 第 1263 行.

[ 2016-01-19T17:38:48+08:00 ] ::1 /owl/index.php/Home/login.html
INFO: [ app_init ] --START--
INFO: Run Behavior\BuildLiteBehavior [ RunTime:0.000000s ]
INFO: [ app_init ] --END-- [ RunTime:0.000000s ]
INFO: [ app_begin ] --START--
INFO: Run Behavior\ReadHtmlCacheBehavior [ RunTime:0.000000s ]
INFO: [ app_begin ] --END-- [ RunTime:0.000000s ]
NOTIC: [2] session_start(): open(C:\Windows\sess_2u5h4d0r4tv0q37ftsokp0oa10, O_RDWR) failed: Permission denied (13) D:\phpStudy\WWW\owl\ThinkPHP\Common\functions.php 第 1263 行.

[ 2016-01-19T17:38:48+08:00 ] ::1 /owl/index.php/Home/login.html
INFO: [ app_init ] --START--
INFO: Run Behavior\BuildLiteBehavior [ RunTime:0.000000s ]
INFO: [ app_init ] --END-- [ RunTime:0.000000s ]
INFO: [ app_begin ] --START--
INFO: Run Behavior\ReadHtmlCacheBehavior [ RunTime:0.001000s ]
INFO: [ app_begin ] --END-- [ RunTime:0.001000s ]
NOTIC: [2] session_start(): open(C:\Windows\sess_2u5h4d0r4tv0q37ftsokp0oa10, O_RDWR) failed: Permission denied (13) D:\phpStudy\WWW\owl\ThinkPHP\Common\functions.php 第 1263 行.

[ 2016-01-19T17:38:48+08:00 ] ::1 /owl/index.php/Home/login.html
INFO: [ app_init ] --START--
INFO: Run Behavior\BuildLiteBehavior [ RunTime:0.000000s ]
INFO: [ app_init ] --END-- [ RunTime:0.000000s ]
INFO: [ app_begin ] --START--
INFO: Run Behavior\ReadHtmlCacheBehavior [ RunTime:0.000000s ]
INFO: [ app_begin ] --END-- [ RunTime:0.000000s ]
NOTIC: [2] session_start(): open(C:\Windows\sess_2u5h4d0r4tv0q37ftsokp0oa10, O_RDWR) failed: Permission denied (13) D:\phpStudy\WWW\owl\ThinkPHP\Common\functions.php 第 1263 行.

[ 2016-01-19T17:38:48+08:00 ] ::1 /owl/index.php/Home/login.html
INFO: [ app_init ] --START--
INFO: Run Behavior\BuildLiteBehavior [ RunTime:0.000000s ]
INFO: [ app_init ] --END-- [ RunTime:0.001001s ]
INFO: [ app_begin ] --START--
INFO: Run Behavior\ReadHtmlCacheBehavior [ RunTime:0.000000s ]
INFO: [ app_begin ] --END-- [ RunTime:0.000000s ]
NOTIC: [2] session_start(): open(C:\Windows\sess_2u5h4d0r4tv0q37ftsokp0oa10, O_RDWR) failed: Permission denied (13) D:\phpStudy\WWW\owl\ThinkPHP\Common\functions.php 第 1263 行.

[ 2016-01-19T17:38:48+08:00 ] ::1 /owl/index.php/Home/login.html
INFO: [ app_init ] --START--
INFO: Run Behavior\BuildLiteBehavior [ RunTime:0.000000s ]
INFO: [ app_init ] --END-- [ RunTime:0.000000s ]
INFO: [ app_begin ] --START--
INFO: Run Behavior\ReadHtmlCacheBehavior [ RunTime:0.000000s ]
INFO: [ app_begin ] --END-- [ RunTime:0.000000s ]
NOTIC: [2] session_start(): open(C:\Windows\sess_2u5h4d0r4tv0q37ftsokp0oa10, O_RDWR) failed: Permission denied (13) D:\phpStudy\WWW\owl\ThinkPHP\Common\functions.php 第 1263 行.

[ 2016-01-19T17:38:48+08:00 ] ::1 /owl/index.php/Home/login.html
INFO: [ app_init ] --START--
INFO: Run Behavior\BuildLiteBehavior [ RunTime:0.000000s ]
INFO: [ app_init ] --END-- [ RunTime:0.001000s ]
INFO: [ app_begin ] --START--
INFO: Run Behavior\ReadHtmlCacheBehavior [ RunTime:0.000000s ]
INFO: [ app_begin ] --END-- [ RunTime:0.001000s ]
NOTIC: [2] session_start(): open(C:\Windows\sess_2u5h4d0r4tv0q37ftsokp0oa10, O_RDWR) failed: Permission denied (13) D:\phpStudy\WWW\owl\ThinkPHP\Common\functions.php 第 1263 行.

[ 2016-01-19T17:38:48+08:00 ] ::1 /owl/index.php/Home/login.html
INFO: [ app_init ] --START--
INFO: Run Behavior\BuildLiteBehavior [ RunTime:0.000000s ]
INFO: [ app_init ] --END-- [ RunTime:0.000000s ]
INFO: [ app_begin ] --START--
INFO: Run Behavior\ReadHtmlCacheBehavior [ RunTime:0.000000s ]
INFO: [ app_begin ] --END-- [ RunTime:0.000000s ]
NOTIC: [2] session_start(): open(C:\Windows\sess_2u5h4d0r4tv0q37ftsokp0oa10, O_RDWR) failed: Permission denied (13) D:\phpStudy\WWW\owl\ThinkPHP\Common\functions.php 第 1263 行.

[ 2016-01-19T17:38:48+08:00 ] ::1 /owl/index.php/Home/login.html
INFO: [ app_init ] --START--
INFO: Run Behavior\BuildLiteBehavior [ RunTime:0.000000s ]
INFO: [ app_init ] --END-- [ RunTime:0.000000s ]
INFO: [ app_begin ] --START--
INFO: Run Behavior\ReadHtmlCacheBehavior [ RunTime:0.000000s ]
INFO: [ app_begin ] --END-- [ RunTime:0.000000s ]
NOTIC: [2] session_start(): open(C:\Windows\sess_2u5h4d0r4tv0q37ftsokp0oa10, O_RDWR) failed: Permission denied (13) D:\phpStudy\WWW\owl\ThinkPHP\Common\functions.php 第 1263 行.

[ 2016-01-19T17:38:48+08:00 ] ::1 /owl/index.php/Home/login.html
INFO: [ app_init ] --START--
INFO: Run Behavior\BuildLiteBehavior [ RunTime:0.000000s ]
INFO: [ app_init ] --END-- [ RunTime:0.000000s ]
INFO: [ app_begin ] --START--
INFO: Run Behavior\ReadHtmlCacheBehavior [ RunTime:0.001000s ]
INFO: [ app_begin ] --END-- [ RunTime:0.001000s ]
NOTIC: [2] session_start(): open(C:\Windows\sess_2u5h4d0r4tv0q37ftsokp0oa10, O_RDWR) failed: Permission denied (13) D:\phpStudy\WWW\owl\ThinkPHP\Common\functions.php 第 1263 行.

[ 2016-01-19T17:38:48+08:00 ] ::1 /owl/index.php/Home/login.html
INFO: [ app_init ] --START--
INFO: Run Behavior\BuildLiteBehavior [ RunTime:0.000000s ]
INFO: [ app_init ] --END-- [ RunTime:0.000000s ]
INFO: [ app_begin ] --START--
INFO: Run Behavior\ReadHtmlCacheBehavior [ RunTime:0.000000s ]
INFO: [ app_begin ] --END-- [ RunTime:0.000000s ]
NOTIC: [2] session_start(): open(C:\Windows\sess_2u5h4d0r4tv0q37ftsokp0oa10, O_RDWR) failed: Permission denied (13) D:\phpStudy\WWW\owl\ThinkPHP\Common\functions.php 第 1263 行.

[ 2016-01-19T17:38:48+08:00 ] ::1 /owl/index.php/Home/login.html
INFO: [ app_init ] --START--
INFO: Run Behavior\BuildLiteBehavior [ RunTime:0.000000s ]
INFO: [ app_init ] --END-- [ RunTime:0.000000s ]
INFO: [ app_begin ] --START--
INFO: Run Behavior\ReadHtmlCacheBehavior [ RunTime:0.000000s ]
INFO: [ app_begin ] --END-- [ RunTime:0.000000s ]
NOTIC: [2] session_start(): open(C:\Windows\sess_2u5h4d0r4tv0q37ftsokp0oa10, O_RDWR) failed: Permission denied (13) D:\phpStudy\WWW\owl\ThinkPHP\Common\functions.php 第 1263 行.

[ 2016-01-19T17:38:48+08:00 ] ::1 /owl/index.php/Home/login.html
INFO: [ app_init ] --START--
INFO: Run Behavior\BuildLiteBehavior [ RunTime:0.000000s ]
INFO: [ app_init ] --END-- [ RunTime:0.000000s ]
INFO: [ app_begin ] --START--
INFO: Run Behavior\ReadHtmlCacheBehavior [ RunTime:0.000000s ]
INFO: [ app_begin ] --END-- [ RunTime:0.001000s ]
NOTIC: [2] session_start(): open(C:\Windows\sess_2u5h4d0r4tv0q37ftsokp0oa10, O_RDWR) failed: Permission denied (13) D:\phpStudy\WWW\owl\ThinkPHP\Common\functions.php 第 1263 行.

[ 2016-01-19T17:38:48+08:00 ] ::1 /owl/index.php/Home/login.html
INFO: [ app_init ] --START--
INFO: Run Behavior\BuildLiteBehavior [ RunTime:0.000000s ]
INFO: [ app_init ] --END-- [ RunTime:0.000000s ]
INFO: [ app_begin ] --START--
INFO: Run Behavior\ReadHtmlCacheBehavior [ RunTime:0.000000s ]
INFO: [ app_begin ] --END-- [ RunTime:0.000000s ]
NOTIC: [2] session_start(): open(C:\Windows\sess_2u5h4d0r4tv0q37ftsokp0oa10, O_RDWR) failed: Permission denied (13) D:\phpStudy\WWW\owl\ThinkPHP\Common\functions.php 第 1263 行.

[ 2016-01-19T17:38:48+08:00 ] ::1 /owl/index.php/Home/login.html
INFO: [ app_init ] --START--
INFO: Run Behavior\BuildLiteBehavior [ RunTime:0.000000s ]
INFO: [ app_init ] --END-- [ RunTime:0.000000s ]
INFO: [ app_begin ] --START--
INFO: Run Behavior\ReadHtmlCacheBehavior [ RunTime:0.000000s ]
INFO: [ app_begin ] --END-- [ RunTime:0.000000s ]
NOTIC: [2] session_start(): open(C:\Windows\sess_2u5h4d0r4tv0q37ftsokp0oa10, O_RDWR) failed: Permission denied (13) D:\phpStudy\WWW\owl\ThinkPHP\Common\functions.php 第 1263 行.

[ 2016-01-19T17:38:48+08:00 ] ::1 /owl/index.php/Home/login.html
INFO: [ app_init ] --START--
INFO: Run Behavior\BuildLiteBehavior [ RunTime:0.000000s ]
INFO: [ app_init ] --END-- [ RunTime:0.000000s ]
INFO: [ app_begin ] --START--
INFO: Run Behavior\ReadHtmlCacheBehavior [ RunTime:0.000000s ]
INFO: [ app_begin ] --END-- [ RunTime:0.000000s ]
NOTIC: [2] session_start(): open(C:\Windows\sess_2u5h4d0r4tv0q37ftsokp0oa10, O_RDWR) failed: Permission denied (13) D:\phpStudy\WWW\owl\ThinkPHP\Common\functions.php 第 1263 行.

[ 2016-01-19T17:38:48+08:00 ] ::1 /owl/index.php/Home/login.html
INFO: [ app_init ] --START--
INFO: Run Behavior\BuildLiteBehavior [ RunTime:0.000000s ]
INFO: [ app_init ] --END-- [ RunTime:0.001000s ]
INFO: [ app_begin ] --START--
INFO: Run Behavior\ReadHtmlCacheBehavior [ RunTime:0.000000s ]
INFO: [ app_begin ] --END-- [ RunTime:0.000000s ]
NOTIC: [2] session_start(): open(C:\Windows\sess_2u5h4d0r4tv0q37ftsokp0oa10, O_RDWR) failed: Permission denied (13) D:\phpStudy\WWW\owl\ThinkPHP\Common\functions.php 第 1263 行.

[ 2016-01-19T17:38:48+08:00 ] ::1 /owl/index.php/Home/login.html
INFO: [ app_init ] --START--
INFO: Run Behavior\BuildLiteBehavior [ RunTime:0.000000s ]
INFO: [ app_init ] --END-- [ RunTime:0.000000s ]
INFO: [ app_begin ] --START--
INFO: Run Behavior\ReadHtmlCacheBehavior [ RunTime:0.001000s ]
INFO: [ app_begin ] --END-- [ RunTime:0.001000s ]
NOTIC: [2] session_start(): open(C:\Windows\sess_2u5h4d0r4tv0q37ftsokp0oa10, O_RDWR) failed: Permission denied (13) D:\phpStudy\WWW\owl\ThinkPHP\Common\functions.php 第 1263 行.

[ 2016-01-19T17:38:48+08:00 ] ::1 /owl/index.php/Home/login.html
INFO: [ app_init ] --START--
INFO: Run Behavior\BuildLiteBehavior [ RunTime:0.000000s ]
INFO: [ app_init ] --END-- [ RunTime:0.000000s ]
INFO: [ app_begin ] --START--
INFO: Run Behavior\ReadHtmlCacheBehavior [ RunTime:0.001000s ]
INFO: [ app_begin ] --END-- [ RunTime:0.001000s ]
NOTIC: [2] session_start(): open(C:\Windows\sess_2u5h4d0r4tv0q37ftsokp0oa10, O_RDWR) failed: Permission denied (13) D:\phpStudy\WWW\owl\ThinkPHP\Common\functions.php 第 1263 行.

[ 2016-01-19T17:38:48+08:00 ] ::1 /owl/index.php/Home/login.html
INFO: [ app_init ] --START--
INFO: Run Behavior\BuildLiteBehavior [ RunTime:0.000000s ]
INFO: [ app_init ] --END-- [ RunTime:0.000000s ]
INFO: [ app_begin ] --START--
INFO: Run Behavior\ReadHtmlCacheBehavior [ RunTime:0.000000s ]
INFO: [ app_begin ] --END-- [ RunTime:0.000000s ]
NOTIC: [2] session_start(): open(C:\Windows\sess_2u5h4d0r4tv0q37ftsokp0oa10, O_RDWR) failed: Permission denied (13) D:\phpStudy\WWW\owl\ThinkPHP\Common\functions.php 第 1263 行.

[ 2016-01-19T17:38:48+08:00 ] ::1 /owl/index.php/Home/login.html
INFO: [ app_init ] --START--
INFO: Run Behavior\BuildLiteBehavior [ RunTime:0.000000s ]
INFO: [ app_init ] --END-- [ RunTime:0.001000s ]
INFO: [ app_begin ] --START--
INFO: Run Behavior\ReadHtmlCacheBehavior [ RunTime:0.001000s ]
INFO: [ app_begin ] --END-- [ RunTime:0.001000s ]
NOTIC: [2] session_start(): open(C:\Windows\sess_2u5h4d0r4tv0q37ftsokp0oa10, O_RDWR) failed: Permission denied (13) D:\phpStudy\WWW\owl\ThinkPHP\Common\functions.php 第 1263 行.

[ 2016-01-19T17:38:48+08:00 ] ::1 /owl/index.php/Home/login.html
INFO: [ app_init ] --START--
INFO: Run Behavior\BuildLiteBehavior [ RunTime:0.000000s ]
INFO: [ app_init ] --END-- [ RunTime:0.000000s ]
INFO: [ app_begin ] --START--
INFO: Run Behavior\ReadHtmlCacheBehavior [ RunTime:0.000000s ]
INFO: [ app_begin ] --END-- [ RunTime:0.000000s ]
NOTIC: [2] session_start(): open(C:\Windows\sess_2u5h4d0r4tv0q37ftsokp0oa10, O_RDWR) failed: Permission denied (13) D:\phpStudy\WWW\owl\ThinkPHP\Common\functions.php 第 1263 行.

[ 2016-01-19T17:38:48+08:00 ] ::1 /owl/index.php/Home/login.html
INFO: [ app_init ] --START--
INFO: Run Behavior\BuildLiteBehavior [ RunTime:0.000000s ]
INFO: [ app_init ] --END-- [ RunTime:0.000000s ]
INFO: [ app_begin ] --START--
INFO: Run Behavior\ReadHtmlCacheBehavior [ RunTime:0.001000s ]
INFO: [ app_begin ] --END-- [ RunTime:0.001000s ]
NOTIC: [2] session_start(): open(C:\Windows\sess_2u5h4d0r4tv0q37ftsokp0oa10, O_RDWR) failed: Permission denied (13) D:\phpStudy\WWW\owl\ThinkPHP\Common\functions.php 第 1263 行.

[ 2016-01-19T17:38:48+08:00 ] ::1 /owl/index.php/Home/login.html
INFO: [ app_init ] --START--
INFO: Run Behavior\BuildLiteBehavior [ RunTime:0.000000s ]
INFO: [ app_init ] --END-- [ RunTime:0.000000s ]
INFO: [ app_begin ] --START--
INFO: Run Behavior\ReadHtmlCacheBehavior [ RunTime:0.000000s ]
INFO: [ app_begin ] --END-- [ RunTime:0.000000s ]
NOTIC: [2] session_start(): open(C:\Windows\sess_2u5h4d0r4tv0q37ftsokp0oa10, O_RDWR) failed: Permission denied (13) D:\phpStudy\WWW\owl\ThinkPHP\Common\functions.php 第 1263 行.

[ 2016-01-19T17:38:48+08:00 ] ::1 /owl/index.php/Home/login.html
INFO: [ app_init ] --START--
INFO: Run Behavior\BuildLiteBehavior [ RunTime:0.000000s ]
INFO: [ app_init ] --END-- [ RunTime:0.001000s ]
INFO: [ app_begin ] --START--
INFO: Run Behavior\ReadHtmlCacheBehavior [ RunTime:0.000000s ]
INFO: [ app_begin ] --END-- [ RunTime:0.001000s ]
NOTIC: [2] session_start(): open(C:\Windows\sess_2u5h4d0r4tv0q37ftsokp0oa10, O_RDWR) failed: Permission denied (13) D:\phpStudy\WWW\owl\ThinkPHP\Common\functions.php 第 1263 行.

[ 2016-01-19T17:38:48+08:00 ] ::1 /owl/index.php/Home/login.html
INFO: [ app_init ] --START--
INFO: Run Behavior\BuildLiteBehavior [ RunTime:0.000000s ]
INFO: [ app_init ] --END-- [ RunTime:0.000000s ]
INFO: [ app_begin ] --START--
INFO: Run Behavior\ReadHtmlCacheBehavior [ RunTime:0.000000s ]
INFO: [ app_begin ] --END-- [ RunTime:0.000000s ]
NOTIC: [2] session_start(): open(C:\Windows\sess_2u5h4d0r4tv0q37ftsokp0oa10, O_RDWR) failed: Permission denied (13) D:\phpStudy\WWW\owl\ThinkPHP\Common\functions.php 第 1263 行.

[ 2016-01-19T17:38:48+08:00 ] ::1 /owl/index.php/Home/login.html
INFO: [ app_init ] --START--
INFO: Run Behavior\BuildLiteBehavior [ RunTime:0.000000s ]
INFO: [ app_init ] --END-- [ RunTime:0.001000s ]
INFO: [ app_begin ] --START--
INFO: Run Behavior\ReadHtmlCacheBehavior [ RunTime:0.001000s ]
INFO: [ app_begin ] --END-- [ RunTime:0.001000s ]
NOTIC: [2] session_start(): open(C:\Windows\sess_2u5h4d0r4tv0q37ftsokp0oa10, O_RDWR) failed: Permission denied (13) D:\phpStudy\WWW\owl\ThinkPHP\Common\functions.php 第 1263 行.

[ 2016-01-19T17:38:48+08:00 ] ::1 /owl/index.php/Home/login.html
INFO: [ app_init ] --START--
INFO: Run Behavior\BuildLiteBehavior [ RunTime:0.000000s ]
INFO: [ app_init ] --END-- [ RunTime:0.000000s ]
INFO: [ app_begin ] --START--
INFO: Run Behavior\ReadHtmlCacheBehavior [ RunTime:0.000000s ]
INFO: [ app_begin ] --END-- [ RunTime:0.000000s ]
NOTIC: [2] session_start(): open(C:\Windows\sess_2u5h4d0r4tv0q37ftsokp0oa10, O_RDWR) failed: Permission denied (13) D:\phpStudy\WWW\owl\ThinkPHP\Common\functions.php 第 1263 行.

[ 2016-01-19T17:38:48+08:00 ] ::1 /owl/index.php/Home/login.html
INFO: [ app_init ] --START--
INFO: Run Behavior\BuildLiteBehavior [ RunTime:0.000000s ]
INFO: [ app_init ] --END-- [ RunTime:0.001000s ]
INFO: [ app_begin ] --START--
INFO: Run Behavior\ReadHtmlCacheBehavior [ RunTime:0.001001s ]
INFO: [ app_begin ] --END-- [ RunTime:0.001001s ]
NOTIC: [2] session_start(): open(C:\Windows\sess_2u5h4d0r4tv0q37ftsokp0oa10, O_RDWR) failed: Permission denied (13) D:\phpStudy\WWW\owl\ThinkPHP\Common\functions.php 第 1263 行.

[ 2016-01-19T17:38:48+08:00 ] ::1 /owl/index.php/Home/login.html
INFO: [ app_init ] --START--
INFO: Run Behavior\BuildLiteBehavior [ RunTime:0.000000s ]
INFO: [ app_init ] --END-- [ RunTime:0.000000s ]
INFO: [ app_begin ] --START--
INFO: Run Behavior\ReadHtmlCacheBehavior [ RunTime:0.000000s ]
INFO: [ app_begin ] --END-- [ RunTime:0.000000s ]
NOTIC: [2] session_start(): open(C:\Windows\sess_2u5h4d0r4tv0q37ftsokp0oa10, O_RDWR) failed: Permission denied (13) D:\phpStudy\WWW\owl\ThinkPHP\Common\functions.php 第 1263 行.

[ 2016-01-19T17:38:48+08:00 ] ::1 /owl/index.php/Home/login.html
INFO: [ app_init ] --START--
INFO: Run Behavior\BuildLiteBehavior [ RunTime:0.000000s ]
INFO: [ app_init ] --END-- [ RunTime:0.001000s ]
INFO: [ app_begin ] --START--
INFO: Run Behavior\ReadHtmlCacheBehavior [ RunTime:0.000000s ]
INFO: [ app_begin ] --END-- [ RunTime:0.001000s ]
NOTIC: [2] session_start(): open(C:\Windows\sess_2u5h4d0r4tv0q37ftsokp0oa10, O_RDWR) failed: Permission denied (13) D:\phpStudy\WWW\owl\ThinkPHP\Common\functions.php 第 1263 行.

[ 2016-01-19T17:38:49+08:00 ] ::1 /owl/index.php/Home/login.html
INFO: [ app_init ] --START--
INFO: Run Behavior\BuildLiteBehavior [ RunTime:0.000000s ]
INFO: [ app_init ] --END-- [ RunTime:0.000000s ]
INFO: [ app_begin ] --START--
INFO: Run Behavior\ReadHtmlCacheBehavior [ RunTime:0.000000s ]
INFO: [ app_begin ] --END-- [ RunTime:0.000000s ]
NOTIC: [2] session_start(): open(C:\Windows\sess_2u5h4d0r4tv0q37ftsokp0oa10, O_RDWR) failed: Permission denied (13) D:\phpStudy\WWW\owl\ThinkPHP\Common\functions.php 第 1263 行.

[ 2016-01-19T17:38:49+08:00 ] ::1 /owl/index.php/Home/login.html
INFO: [ app_init ] --START--
INFO: Run Behavior\BuildLiteBehavior [ RunTime:0.000000s ]
INFO: [ app_init ] --END-- [ RunTime:0.001001s ]
INFO: [ app_begin ] --START--
INFO: Run Behavior\ReadHtmlCacheBehavior [ RunTime:0.001000s ]
INFO: [ app_begin ] --END-- [ RunTime:0.001000s ]
NOTIC: [2] session_start(): open(C:\Windows\sess_2u5h4d0r4tv0q37ftsokp0oa10, O_RDWR) failed: Permission denied (13) D:\phpStudy\WWW\owl\ThinkPHP\Common\functions.php 第 1263 行.

[ 2016-01-19T17:39:16+08:00 ] ::1 /owl/index.php/Home/login.html
INFO: [ app_init ] --START--
INFO: Run Behavior\BuildLiteBehavior [ RunTime:0.000000s ]
INFO: [ app_init ] --END-- [ RunTime:0.000000s ]
INFO: [ app_begin ] --START--
INFO: Run Behavior\ReadHtmlCacheBehavior [ RunTime:0.000000s ]
INFO: [ app_begin ] --END-- [ RunTime:0.000000s ]
NOTIC: [2] session_start(): open(C:\Windows\sess_2u5h4d0r4tv0q37ftsokp0oa10, O_RDWR) failed: Permission denied (13) D:\phpStudy\WWW\owl\ThinkPHP\Common\functions.php 第 1263 行.
INFO: [ app_end ] --START--
INFO: Run Behavior\ShowPageTraceBehavior [ RunTime:0.001000s ]
INFO: [ app_end ] --END-- [ RunTime:0.001000s ]

[ 2016-01-19T17:39:24+08:00 ] ::1 /owl/index.php/Home/Login
INFO: [ app_init ] --START--
INFO: Run Behavior\BuildLiteBehavior [ RunTime:0.000000s ]
INFO: [ app_init ] --END-- [ RunTime:0.001000s ]
INFO: [ app_begin ] --START--
INFO: Run Behavior\ReadHtmlCacheBehavior [ RunTime:0.001000s ]
INFO: [ app_begin ] --END-- [ RunTime:0.001000s ]
NOTIC: [2] session_start(): open(C:\Windows\sess_2u5h4d0r4tv0q37ftsokp0oa10, O_RDWR) failed: Permission denied (13) D:\phpStudy\WWW\owl\ThinkPHP\Common\functions.php 第 1263 行.
INFO: [ app_end ] --START--
INFO: Run Behavior\ShowPageTraceBehavior [ RunTime:0.001000s ]
INFO: [ app_end ] --END-- [ RunTime:0.001000s ]

[ 2016-01-19T17:41:35+08:00 ] ::1 /owl/index.php/Home/Login
INFO: [ app_init ] --START--
INFO: Run Behavior\BuildLiteBehavior [ RunTime:0.000000s ]
INFO: [ app_init ] --END-- [ RunTime:0.001000s ]
INFO: [ app_begin ] --START--
INFO: Run Behavior\ReadHtmlCacheBehavior [ RunTime:0.001000s ]
INFO: [ app_begin ] --END-- [ RunTime:0.001000s ]
NOTIC: [2] session_start(): open(C:\Windows\sess_2u5h4d0r4tv0q37ftsokp0oa10, O_RDWR) failed: Permission denied (13) D:\phpStudy\WWW\owl\ThinkPHP\Common\functions.php 第 1263 行.
INFO: [ app_end ] --START--
INFO: Run Behavior\ShowPageTraceBehavior [ RunTime:0.000000s ]
INFO: [ app_end ] --END-- [ RunTime:0.000000s ]

[ 2016-01-19T17:41:38+08:00 ] ::1 /owl/index.php/Home/Login
INFO: [ app_init ] --START--
INFO: Run Behavior\BuildLiteBehavior [ RunTime:0.000000s ]
INFO: [ app_init ] --END-- [ RunTime:0.000000s ]
INFO: [ app_begin ] --START--
INFO: Run Behavior\ReadHtmlCacheBehavior [ RunTime:0.000000s ]
INFO: [ app_begin ] --END-- [ RunTime:0.000000s ]
NOTIC: [2] session_start(): open(C:\Windows\sess_2u5h4d0r4tv0q37ftsokp0oa10, O_RDWR) failed: Permission denied (13) D:\phpStudy\WWW\owl\ThinkPHP\Common\functions.php 第 1263 行.
INFO: [ app_end ] --START--
INFO: Run Behavior\ShowPageTraceBehavior [ RunTime:0.000000s ]
INFO: [ app_end ] --END-- [ RunTime:0.001000s ]

[ 2016-01-19T17:41:47+08:00 ] ::1 /owl/index.php/Home/Login
INFO: [ app_init ] --START--
INFO: Run Behavior\BuildLiteBehavior [ RunTime:0.000000s ]
INFO: [ app_init ] --END-- [ RunTime:0.000000s ]
INFO: [ app_begin ] --START--
INFO: Run Behavior\ReadHtmlCacheBehavior [ RunTime:0.000000s ]
INFO: [ app_begin ] --END-- [ RunTime:0.000000s ]
NOTIC: [2] session_start(): open(C:\Windows\sess_2u5h4d0r4tv0q37ftsokp0oa10, O_RDWR) failed: Permission denied (13) D:\phpStudy\WWW\owl\ThinkPHP\Common\functions.php 第 1263 行.

[ 2016-01-19T17:41:47+08:00 ] ::1 /owl/index.php/Home/login.html
INFO: [ app_init ] --START--
INFO: Run Behavior\BuildLiteBehavior [ RunTime:0.000000s ]
INFO: [ app_init ] --END-- [ RunTime:0.000000s ]
INFO: [ app_begin ] --START--
INFO: Run Behavior\ReadHtmlCacheBehavior [ RunTime:0.000000s ]
INFO: [ app_begin ] --END-- [ RunTime:0.000000s ]
NOTIC: [2] session_start(): open(C:\Windows\sess_2u5h4d0r4tv0q37ftsokp0oa10, O_RDWR) failed: Permission denied (13) D:\phpStudy\WWW\owl\ThinkPHP\Common\functions.php 第 1263 行.

[ 2016-01-19T17:41:47+08:00 ] ::1 /owl/index.php/Home/login.html
INFO: [ app_init ] --START--
INFO: Run Behavior\BuildLiteBehavior [ RunTime:0.000000s ]
INFO: [ app_init ] --END-- [ RunTime:0.000000s ]
INFO: [ app_begin ] --START--
INFO: Run Behavior\ReadHtmlCacheBehavior [ RunTime:0.001000s ]
INFO: [ app_begin ] --END-- [ RunTime:0.001000s ]
NOTIC: [2] session_start(): open(C:\Windows\sess_2u5h4d0r4tv0q37ftsokp0oa10, O_RDWR) failed: Permission denied (13) D:\phpStudy\WWW\owl\ThinkPHP\Common\functions.php 第 1263 行.

[ 2016-01-19T17:41:47+08:00 ] ::1 /owl/index.php/Home/login.html
INFO: [ app_init ] --START--
INFO: Run Behavior\BuildLiteBehavior [ RunTime:0.000000s ]
INFO: [ app_init ] --END-- [ RunTime:0.001000s ]
INFO: [ app_begin ] --START--
INFO: Run Behavior\ReadHtmlCacheBehavior [ RunTime:0.000000s ]
INFO: [ app_begin ] --END-- [ RunTime:0.000000s ]
NOTIC: [2] session_start(): open(C:\Windows\sess_2u5h4d0r4tv0q37ftsokp0oa10, O_RDWR) failed: Permission denied (13) D:\phpStudy\WWW\owl\ThinkPHP\Common\functions.php 第 1263 行.

[ 2016-01-19T17:41:47+08:00 ] ::1 /owl/index.php/Home/login.html
INFO: [ app_init ] --START--
INFO: Run Behavior\BuildLiteBehavior [ RunTime:0.000000s ]
INFO: [ app_init ] --END-- [ RunTime:0.001000s ]
INFO: [ app_begin ] --START--
INFO: Run Behavior\ReadHtmlCacheBehavior [ RunTime:0.001000s ]
INFO: [ app_begin ] --END-- [ RunTime:0.001000s ]
NOTIC: [2] session_start(): open(C:\Windows\sess_2u5h4d0r4tv0q37ftsokp0oa10, O_RDWR) failed: Permission denied (13) D:\phpStudy\WWW\owl\ThinkPHP\Common\functions.php 第 1263 行.

[ 2016-01-19T17:41:47+08:00 ] ::1 /owl/index.php/Home/login.html
INFO: [ app_init ] --START--
INFO: Run Behavior\BuildLiteBehavior [ RunTime:0.000000s ]
INFO: [ app_init ] --END-- [ RunTime:0.001000s ]
INFO: [ app_begin ] --START--
INFO: Run Behavior\ReadHtmlCacheBehavior [ RunTime:0.001000s ]
INFO: [ app_begin ] --END-- [ RunTime:0.001000s ]
NOTIC: [2] session_start(): open(C:\Windows\sess_2u5h4d0r4tv0q37ftsokp0oa10, O_RDWR) failed: Permission denied (13) D:\phpStudy\WWW\owl\ThinkPHP\Common\functions.php 第 1263 行.

[ 2016-01-19T17:41:47+08:00 ] ::1 /owl/index.php/Home/login.html
INFO: [ app_init ] --START--
INFO: Run Behavior\BuildLiteBehavior [ RunTime:0.000000s ]
INFO: [ app_init ] --END-- [ RunTime:0.001000s ]
INFO: [ app_begin ] --START--
INFO: Run Behavior\ReadHtmlCacheBehavior [ RunTime:0.001000s ]
INFO: [ app_begin ] --END-- [ RunTime:0.001000s ]
NOTIC: [2] session_start(): open(C:\Windows\sess_2u5h4d0r4tv0q37ftsokp0oa10, O_RDWR) failed: Permission denied (13) D:\phpStudy\WWW\owl\ThinkPHP\Common\functions.php 第 1263 行.

[ 2016-01-19T17:41:47+08:00 ] ::1 /owl/index.php/Home/login.html
INFO: [ app_init ] --START--
INFO: Run Behavior\BuildLiteBehavior [ RunTime:0.000000s ]
INFO: [ app_init ] --END-- [ RunTime:0.000000s ]
INFO: [ app_begin ] --START--
INFO: Run Behavior\ReadHtmlCacheBehavior [ RunTime:0.000000s ]
INFO: [ app_begin ] --END-- [ RunTime:0.000000s ]
NOTIC: [2] session_start(): open(C:\Windows\sess_2u5h4d0r4tv0q37ftsokp0oa10, O_RDWR) failed: Permission denied (13) D:\phpStudy\WWW\owl\ThinkPHP\Common\functions.php 第 1263 行.

[ 2016-01-19T17:41:47+08:00 ] ::1 /owl/index.php/Home/login.html
INFO: [ app_init ] --START--
INFO: Run Behavior\BuildLiteBehavior [ RunTime:0.000000s ]
INFO: [ app_init ] --END-- [ RunTime:0.000000s ]
INFO: [ app_begin ] --START--
INFO: Run Behavior\ReadHtmlCacheBehavior [ RunTime:0.000000s ]
INFO: [ app_begin ] --END-- [ RunTime:0.000000s ]
NOTIC: [2] session_start(): open(C:\Windows\sess_2u5h4d0r4tv0q37ftsokp0oa10, O_RDWR) failed: Permission denied (13) D:\phpStudy\WWW\owl\ThinkPHP\Common\functions.php 第 1263 行.

[ 2016-01-19T17:41:47+08:00 ] ::1 /owl/index.php/Home/login.html
INFO: [ app_init ] --START--
INFO: Run Behavior\BuildLiteBehavior [ RunTime:0.000000s ]
INFO: [ app_init ] --END-- [ RunTime:0.000000s ]
INFO: [ app_begin ] --START--
INFO: Run Behavior\ReadHtmlCacheBehavior [ RunTime:0.000000s ]
INFO: [ app_begin ] --END-- [ RunTime:0.000000s ]
NOTIC: [2] session_start(): open(C:\Windows\sess_2u5h4d0r4tv0q37ftsokp0oa10, O_RDWR) failed: Permission denied (13) D:\phpStudy\WWW\owl\ThinkPHP\Common\functions.php 第 1263 行.

[ 2016-01-19T17:41:47+08:00 ] ::1 /owl/index.php/Home/login.html
INFO: [ app_init ] --START--
INFO: Run Behavior\BuildLiteBehavior [ RunTime:0.000000s ]
INFO: [ app_init ] --END-- [ RunTime:0.000000s ]
INFO: [ app_begin ] --START--
INFO: Run Behavior\ReadHtmlCacheBehavior [ RunTime:0.000000s ]
INFO: [ app_begin ] --END-- [ RunTime:0.000000s ]
NOTIC: [2] session_start(): open(C:\Windows\sess_2u5h4d0r4tv0q37ftsokp0oa10, O_RDWR) failed: Permission denied (13) D:\phpStudy\WWW\owl\ThinkPHP\Common\functions.php 第 1263 行.

[ 2016-01-19T17:41:47+08:00 ] ::1 /owl/index.php/Home/login.html
INFO: [ app_init ] --START--
INFO: Run Behavior\BuildLiteBehavior [ RunTime:0.000000s ]
INFO: [ app_init ] --END-- [ RunTime:0.000000s ]
INFO: [ app_begin ] --START--
INFO: Run Behavior\ReadHtmlCacheBehavior [ RunTime:0.000000s ]
INFO: [ app_begin ] --END-- [ RunTime:0.000000s ]
NOTIC: [2] session_start(): open(C:\Windows\sess_2u5h4d0r4tv0q37ftsokp0oa10, O_RDWR) failed: Permission denied (13) D:\phpStudy\WWW\owl\ThinkPHP\Common\functions.php 第 1263 行.

[ 2016-01-19T17:41:47+08:00 ] ::1 /owl/index.php/Home/login.html
INFO: [ app_init ] --START--
INFO: Run Behavior\BuildLiteBehavior [ RunTime:0.000000s ]
INFO: [ app_init ] --END-- [ RunTime:0.000000s ]
INFO: [ app_begin ] --START--
INFO: Run Behavior\ReadHtmlCacheBehavior [ RunTime:0.000000s ]
INFO: [ app_begin ] --END-- [ RunTime:0.000000s ]
NOTIC: [2] session_start(): open(C:\Windows\sess_2u5h4d0r4tv0q37ftsokp0oa10, O_RDWR) failed: Permission denied (13) D:\phpStudy\WWW\owl\ThinkPHP\Common\functions.php 第 1263 行.

[ 2016-01-19T17:41:47+08:00 ] ::1 /owl/index.php/Home/login.html
INFO: [ app_init ] --START--
INFO: Run Behavior\BuildLiteBehavior [ RunTime:0.001000s ]
INFO: [ app_init ] --END-- [ RunTime:0.001000s ]
INFO: [ app_begin ] --START--
INFO: Run Behavior\ReadHtmlCacheBehavior [ RunTime:0.000000s ]
INFO: [ app_begin ] --END-- [ RunTime:0.000000s ]
NOTIC: [2] session_start(): open(C:\Windows\sess_2u5h4d0r4tv0q37ftsokp0oa10, O_RDWR) failed: Permission denied (13) D:\phpStudy\WWW\owl\ThinkPHP\Common\functions.php 第 1263 行.

[ 2016-01-19T17:41:47+08:00 ] ::1 /owl/index.php/Home/login.html
INFO: [ app_init ] --START--
INFO: Run Behavior\BuildLiteBehavior [ RunTime:0.000000s ]
INFO: [ app_init ] --END-- [ RunTime:0.000000s ]
INFO: [ app_begin ] --START--
INFO: Run Behavior\ReadHtmlCacheBehavior [ RunTime:0.000000s ]
INFO: [ app_begin ] --END-- [ RunTime:0.000000s ]
NOTIC: [2] session_start(): open(C:\Windows\sess_2u5h4d0r4tv0q37ftsokp0oa10, O_RDWR) failed: Permission denied (13) D:\phpStudy\WWW\owl\ThinkPHP\Common\functions.php 第 1263 行.

[ 2016-01-19T17:41:47+08:00 ] ::1 /owl/index.php/Home/login.html
INFO: [ app_init ] --START--
INFO: Run Behavior\BuildLiteBehavior [ RunTime:0.000000s ]
INFO: [ app_init ] --END-- [ RunTime:0.000000s ]
INFO: [ app_begin ] --START--
INFO: Run Behavior\ReadHtmlCacheBehavior [ RunTime:0.000000s ]
INFO: [ app_begin ] --END-- [ RunTime:0.000000s ]
NOTIC: [2] session_start(): open(C:\Windows\sess_2u5h4d0r4tv0q37ftsokp0oa10, O_RDWR) failed: Permission denied (13) D:\phpStudy\WWW\owl\ThinkPHP\Common\functions.php 第 1263 行.

[ 2016-01-19T17:41:47+08:00 ] ::1 /owl/index.php/Home/login.html
INFO: [ app_init ] --START--
INFO: Run Behavior\BuildLiteBehavior [ RunTime:0.000000s ]
INFO: [ app_init ] --END-- [ RunTime:0.000000s ]
INFO: [ app_begin ] --START--
INFO: Run Behavior\ReadHtmlCacheBehavior [ RunTime:0.001000s ]
INFO: [ app_begin ] --END-- [ RunTime:0.001000s ]
NOTIC: [2] session_start(): open(C:\Windows\sess_2u5h4d0r4tv0q37ftsokp0oa10, O_RDWR) failed: Permission denied (13) D:\phpStudy\WWW\owl\ThinkPHP\Common\functions.php 第 1263 行.

[ 2016-01-19T17:41:47+08:00 ] ::1 /owl/index.php/Home/login.html
INFO: [ app_init ] --START--
INFO: Run Behavior\BuildLiteBehavior [ RunTime:0.000000s ]
INFO: [ app_init ] --END-- [ RunTime:0.001001s ]
INFO: [ app_begin ] --START--
INFO: Run Behavior\ReadHtmlCacheBehavior [ RunTime:0.001000s ]
INFO: [ app_begin ] --END-- [ RunTime:0.001000s ]
NOTIC: [2] session_start(): open(C:\Windows\sess_2u5h4d0r4tv0q37ftsokp0oa10, O_RDWR) failed: Permission denied (13) D:\phpStudy\WWW\owl\ThinkPHP\Common\functions.php 第 1263 行.

[ 2016-01-19T17:41:47+08:00 ] ::1 /owl/index.php/Home/login.html
INFO: [ app_init ] --START--
INFO: Run Behavior\BuildLiteBehavior [ RunTime:0.000000s ]
INFO: [ app_init ] --END-- [ RunTime:0.000000s ]
INFO: [ app_begin ] --START--
INFO: Run Behavior\ReadHtmlCacheBehavior [ RunTime:0.001000s ]
INFO: [ app_begin ] --END-- [ RunTime:0.001000s ]
NOTIC: [2] session_start(): open(C:\Windows\sess_2u5h4d0r4tv0q37ftsokp0oa10, O_RDWR) failed: Permission denied (13) D:\phpStudy\WWW\owl\ThinkPHP\Common\functions.php 第 1263 行.

[ 2016-01-19T17:41:47+08:00 ] ::1 /owl/index.php/Home/login.html
INFO: [ app_init ] --START--
INFO: Run Behavior\BuildLiteBehavior [ RunTime:0.000000s ]
INFO: [ app_init ] --END-- [ RunTime:0.000000s ]
INFO: [ app_begin ] --START--
INFO: Run Behavior\ReadHtmlCacheBehavior [ RunTime:0.001000s ]
INFO: [ app_begin ] --END-- [ RunTime:0.001000s ]
NOTIC: [2] session_start(): open(C:\Windows\sess_2u5h4d0r4tv0q37ftsokp0oa10, O_RDWR) failed: Permission denied (13) D:\phpStudy\WWW\owl\ThinkPHP\Common\functions.php 第 1263 行.

[ 2016-01-19T17:41:47+08:00 ] ::1 /owl/index.php/Home/login.html
INFO: [ app_init ] --START--
INFO: Run Behavior\BuildLiteBehavior [ RunTime:0.000000s ]
INFO: [ app_init ] --END-- [ RunTime:0.000000s ]
INFO: [ app_begin ] --START--
INFO: Run Behavior\ReadHtmlCacheBehavior [ RunTime:0.001000s ]
INFO: [ app_begin ] --END-- [ RunTime:0.001000s ]
NOTIC: [2] session_start(): open(C:\Windows\sess_2u5h4d0r4tv0q37ftsokp0oa10, O_RDWR) failed: Permission denied (13) D:\phpStudy\WWW\owl\ThinkPHP\Common\functions.php 第 1263 行.

[ 2016-01-19T17:41:47+08:00 ] ::1 /owl/index.php/Home/login.html
INFO: [ app_init ] --START--
INFO: Run Behavior\BuildLiteBehavior [ RunTime:0.000000s ]
INFO: [ app_init ] --END-- [ RunTime:0.000000s ]
INFO: [ app_begin ] --START--
INFO: Run Behavior\ReadHtmlCacheBehavior [ RunTime:0.000000s ]
INFO: [ app_begin ] --END-- [ RunTime:0.000000s ]
NOTIC: [2] session_start(): open(C:\Windows\sess_2u5h4d0r4tv0q37ftsokp0oa10, O_RDWR) failed: Permission denied (13) D:\phpStudy\WWW\owl\ThinkPHP\Common\functions.php 第 1263 行.

[ 2016-01-19T17:41:47+08:00 ] ::1 /owl/index.php/Home/login.html
INFO: [ app_init ] --START--
INFO: Run Behavior\BuildLiteBehavior [ RunTime:0.000000s ]
INFO: [ app_init ] --END-- [ RunTime:0.000000s ]
INFO: [ app_begin ] --START--
INFO: Run Behavior\ReadHtmlCacheBehavior [ RunTime:0.000000s ]
INFO: [ app_begin ] --END-- [ RunTime:0.000000s ]
NOTIC: [2] session_start(): open(C:\Windows\sess_2u5h4d0r4tv0q37ftsokp0oa10, O_RDWR) failed: Permission denied (13) D:\phpStudy\WWW\owl\ThinkPHP\Common\functions.php 第 1263 行.

[ 2016-01-19T17:41:47+08:00 ] ::1 /owl/index.php/Home/login.html
INFO: [ app_init ] --START--
INFO: Run Behavior\BuildLiteBehavior [ RunTime:0.000000s ]
INFO: [ app_init ] --END-- [ RunTime:0.001000s ]
INFO: [ app_begin ] --START--
INFO: Run Behavior\ReadHtmlCacheBehavior [ RunTime:0.001000s ]
INFO: [ app_begin ] --END-- [ RunTime:0.001000s ]
NOTIC: [2] session_start(): open(C:\Windows\sess_2u5h4d0r4tv0q37ftsokp0oa10, O_RDWR) failed: Permission denied (13) D:\phpStudy\WWW\owl\ThinkPHP\Common\functions.php 第 1263 行.

[ 2016-01-19T17:41:47+08:00 ] ::1 /owl/index.php/Home/login.html
INFO: [ app_init ] --START--
INFO: Run Behavior\BuildLiteBehavior [ RunTime:0.000000s ]
INFO: [ app_init ] --END-- [ RunTime:0.001000s ]
INFO: [ app_begin ] --START--
INFO: Run Behavior\ReadHtmlCacheBehavior [ RunTime:0.000000s ]
INFO: [ app_begin ] --END-- [ RunTime:0.000000s ]
NOTIC: [2] session_start(): open(C:\Windows\sess_2u5h4d0r4tv0q37ftsokp0oa10, O_RDWR) failed: Permission denied (13) D:\phpStudy\WWW\owl\ThinkPHP\Common\functions.php 第 1263 行.

[ 2016-01-19T17:41:47+08:00 ] ::1 /owl/index.php/Home/login.html
INFO: [ app_init ] --START--
INFO: Run Behavior\BuildLiteBehavior [ RunTime:0.000000s ]
INFO: [ app_init ] --END-- [ RunTime:0.000000s ]
INFO: [ app_begin ] --START--
INFO: Run Behavior\ReadHtmlCacheBehavior [ RunTime:0.000000s ]
INFO: [ app_begin ] --END-- [ RunTime:0.000000s ]
NOTIC: [2] session_start(): open(C:\Windows\sess_2u5h4d0r4tv0q37ftsokp0oa10, O_RDWR) failed: Permission denied (13) D:\phpStudy\WWW\owl\ThinkPHP\Common\functions.php 第 1263 行.

[ 2016-01-19T17:41:47+08:00 ] ::1 /owl/index.php/Home/login.html
INFO: [ app_init ] --START--
INFO: Run Behavior\BuildLiteBehavior [ RunTime:0.000000s ]
INFO: [ app_init ] --END-- [ RunTime:0.000000s ]
INFO: [ app_begin ] --START--
INFO: Run Behavior\ReadHtmlCacheBehavior [ RunTime:0.000000s ]
INFO: [ app_begin ] --END-- [ RunTime:0.000000s ]
NOTIC: [2] session_start(): open(C:\Windows\sess_2u5h4d0r4tv0q37ftsokp0oa10, O_RDWR) failed: Permission denied (13) D:\phpStudy\WWW\owl\ThinkPHP\Common\functions.php 第 1263 行.

[ 2016-01-19T17:41:47+08:00 ] ::1 /owl/index.php/Home/login.html
INFO: [ app_init ] --START--
INFO: Run Behavior\BuildLiteBehavior [ RunTime:0.000000s ]
INFO: [ app_init ] --END-- [ RunTime:0.000000s ]
INFO: [ app_begin ] --START--
INFO: Run Behavior\ReadHtmlCacheBehavior [ RunTime:0.001000s ]
INFO: [ app_begin ] --END-- [ RunTime:0.001000s ]
NOTIC: [2] session_start(): open(C:\Windows\sess_2u5h4d0r4tv0q37ftsokp0oa10, O_RDWR) failed: Permission denied (13) D:\phpStudy\WWW\owl\ThinkPHP\Common\functions.php 第 1263 行.

[ 2016-01-19T17:41:47+08:00 ] ::1 /owl/index.php/Home/login.html
INFO: [ app_init ] --START--
INFO: Run Behavior\BuildLiteBehavior [ RunTime:0.000000s ]
INFO: [ app_init ] --END-- [ RunTime:0.001000s ]
INFO: [ app_begin ] --START--
INFO: Run Behavior\ReadHtmlCacheBehavior [ RunTime:0.001000s ]
INFO: [ app_begin ] --END-- [ RunTime:0.001000s ]
NOTIC: [2] session_start(): open(C:\Windows\sess_2u5h4d0r4tv0q37ftsokp0oa10, O_RDWR) failed: Permission denied (13) D:\phpStudy\WWW\owl\ThinkPHP\Common\functions.php 第 1263 行.

[ 2016-01-19T17:41:47+08:00 ] ::1 /owl/index.php/Home/login.html
INFO: [ app_init ] --START--
INFO: Run Behavior\BuildLiteBehavior [ RunTime:0.000000s ]
INFO: [ app_init ] --END-- [ RunTime:0.000000s ]
INFO: [ app_begin ] --START--
INFO: Run Behavior\ReadHtmlCacheBehavior [ RunTime:0.001000s ]
INFO: [ app_begin ] --END-- [ RunTime:0.001000s ]
NOTIC: [2] session_start(): open(C:\Windows\sess_2u5h4d0r4tv0q37ftsokp0oa10, O_RDWR) failed: Permission denied (13) D:\phpStudy\WWW\owl\ThinkPHP\Common\functions.php 第 1263 行.

[ 2016-01-19T17:41:47+08:00 ] ::1 /owl/index.php/Home/login.html
INFO: [ app_init ] --START--
INFO: Run Behavior\BuildLiteBehavior [ RunTime:0.000000s ]
INFO: [ app_init ] --END-- [ RunTime:0.000000s ]
INFO: [ app_begin ] --START--
INFO: Run Behavior\ReadHtmlCacheBehavior [ RunTime:0.000000s ]
INFO: [ app_begin ] --END-- [ RunTime:0.000000s ]
NOTIC: [2] session_start(): open(C:\Windows\sess_2u5h4d0r4tv0q37ftsokp0oa10, O_RDWR) failed: Permission denied (13) D:\phpStudy\WWW\owl\ThinkPHP\Common\functions.php 第 1263 行.

[ 2016-01-19T17:41:47+08:00 ] ::1 /owl/index.php/Home/login.html
INFO: [ app_init ] --START--
INFO: Run Behavior\BuildLiteBehavior [ RunTime:0.000000s ]
INFO: [ app_init ] --END-- [ RunTime:0.001000s ]
INFO: [ app_begin ] --START--
INFO: Run Behavior\ReadHtmlCacheBehavior [ RunTime:0.001000s ]
INFO: [ app_begin ] --END-- [ RunTime:0.001000s ]
NOTIC: [2] session_start(): open(C:\Windows\sess_2u5h4d0r4tv0q37ftsokp0oa10, O_RDWR) failed: Permission denied (13) D:\phpStudy\WWW\owl\ThinkPHP\Common\functions.php 第 1263 行.

[ 2016-01-19T17:41:47+08:00 ] ::1 /owl/index.php/Home/login.html
INFO: [ app_init ] --START--
INFO: Run Behavior\BuildLiteBehavior [ RunTime:0.000000s ]
INFO: [ app_init ] --END-- [ RunTime:0.000000s ]
INFO: [ app_begin ] --START--
INFO: Run Behavior\ReadHtmlCacheBehavior [ RunTime:0.000000s ]
INFO: [ app_begin ] --END-- [ RunTime:0.000000s ]
NOTIC: [2] session_start(): open(C:\Windows\sess_2u5h4d0r4tv0q37ftsokp0oa10, O_RDWR) failed: Permission denied (13) D:\phpStudy\WWW\owl\ThinkPHP\Common\functions.php 第 1263 行.

[ 2016-01-19T17:41:47+08:00 ] ::1 /owl/index.php/Home/login.html
INFO: [ app_init ] --START--
INFO: Run Behavior\BuildLiteBehavior [ RunTime:0.000000s ]
INFO: [ app_init ] --END-- [ RunTime:0.000000s ]
INFO: [ app_begin ] --START--
INFO: Run Behavior\ReadHtmlCacheBehavior [ RunTime:0.000000s ]
INFO: [ app_begin ] --END-- [ RunTime:0.000000s ]
NOTIC: [2] session_start(): open(C:\Windows\sess_2u5h4d0r4tv0q37ftsokp0oa10, O_RDWR) failed: Permission denied (13) D:\phpStudy\WWW\owl\ThinkPHP\Common\functions.php 第 1263 行.

[ 2016-01-19T17:41:47+08:00 ] ::1 /owl/index.php/Home/login.html
INFO: [ app_init ] --START--
INFO: Run Behavior\BuildLiteBehavior [ RunTime:0.000000s ]
INFO: [ app_init ] --END-- [ RunTime:0.000000s ]
INFO: [ app_begin ] --START--
INFO: Run Behavior\ReadHtmlCacheBehavior [ RunTime:0.001000s ]
INFO: [ app_begin ] --END-- [ RunTime:0.001000s ]
NOTIC: [2] session_start(): open(C:\Windows\sess_2u5h4d0r4tv0q37ftsokp0oa10, O_RDWR) failed: Permission denied (13) D:\phpStudy\WWW\owl\ThinkPHP\Common\functions.php 第 1263 行.

[ 2016-01-19T17:41:47+08:00 ] ::1 /owl/index.php/Home/login.html
INFO: [ app_init ] --START--
INFO: Run Behavior\BuildLiteBehavior [ RunTime:0.000000s ]
INFO: [ app_init ] --END-- [ RunTime:0.000000s ]
INFO: [ app_begin ] --START--
INFO: Run Behavior\ReadHtmlCacheBehavior [ RunTime:0.000000s ]
INFO: [ app_begin ] --END-- [ RunTime:0.000000s ]
NOTIC: [2] session_start(): open(C:\Windows\sess_2u5h4d0r4tv0q37ftsokp0oa10, O_RDWR) failed: Permission denied (13) D:\phpStudy\WWW\owl\ThinkPHP\Common\functions.php 第 1263 行.

[ 2016-01-19T17:41:47+08:00 ] ::1 /owl/index.php/Home/login.html
INFO: [ app_init ] --START--
INFO: Run Behavior\BuildLiteBehavior [ RunTime:0.000000s ]
INFO: [ app_init ] --END-- [ RunTime:0.000000s ]
INFO: [ app_begin ] --START--
INFO: Run Behavior\ReadHtmlCacheBehavior [ RunTime:0.000000s ]
INFO: [ app_begin ] --END-- [ RunTime:0.000000s ]
NOTIC: [2] session_start(): open(C:\Windows\sess_2u5h4d0r4tv0q37ftsokp0oa10, O_RDWR) failed: Permission denied (13) D:\phpStudy\WWW\owl\ThinkPHP\Common\functions.php 第 1263 行.

[ 2016-01-19T17:41:47+08:00 ] ::1 /owl/index.php/Home/login.html
INFO: [ app_init ] --START--
INFO: Run Behavior\BuildLiteBehavior [ RunTime:0.000000s ]
INFO: [ app_init ] --END-- [ RunTime:0.001001s ]
INFO: [ app_begin ] --START--
INFO: Run Behavior\ReadHtmlCacheBehavior [ RunTime:0.001000s ]
INFO: [ app_begin ] --END-- [ RunTime:0.001000s ]
NOTIC: [2] session_start(): open(C:\Windows\sess_2u5h4d0r4tv0q37ftsokp0oa10, O_RDWR) failed: Permission denied (13) D:\phpStudy\WWW\owl\ThinkPHP\Common\functions.php 第 1263 行.

[ 2016-01-19T17:41:47+08:00 ] ::1 /owl/index.php/Home/login.html
INFO: [ app_init ] --START--
INFO: Run Behavior\BuildLiteBehavior [ RunTime:0.000000s ]
INFO: [ app_init ] --END-- [ RunTime:0.000000s ]
INFO: [ app_begin ] --START--
INFO: Run Behavior\ReadHtmlCacheBehavior [ RunTime:0.000000s ]
INFO: [ app_begin ] --END-- [ RunTime:0.000000s ]
NOTIC: [2] session_start(): open(C:\Windows\sess_2u5h4d0r4tv0q37ftsokp0oa10, O_RDWR) failed: Permission denied (13) D:\phpStudy\WWW\owl\ThinkPHP\Common\functions.php 第 1263 行.

[ 2016-01-19T17:41:47+08:00 ] ::1 /owl/index.php/Home/login.html
INFO: [ app_init ] --START--
INFO: Run Behavior\BuildLiteBehavior [ RunTime:0.000000s ]
INFO: [ app_init ] --END-- [ RunTime:0.001001s ]
INFO: [ app_begin ] --START--
INFO: Run Behavior\ReadHtmlCacheBehavior [ RunTime:0.000000s ]
INFO: [ app_begin ] --END-- [ RunTime:0.000000s ]
NOTIC: [2] session_start(): open(C:\Windows\sess_2u5h4d0r4tv0q37ftsokp0oa10, O_RDWR) failed: Permission denied (13) D:\phpStudy\WWW\owl\ThinkPHP\Common\functions.php 第 1263 行.

[ 2016-01-19T17:41:47+08:00 ] ::1 /owl/index.php/Home/login.html
INFO: [ app_init ] --START--
INFO: Run Behavior\BuildLiteBehavior [ RunTime:0.000000s ]
INFO: [ app_init ] --END-- [ RunTime:0.000000s ]
INFO: [ app_begin ] --START--
INFO: Run Behavior\ReadHtmlCacheBehavior [ RunTime:0.001000s ]
INFO: [ app_begin ] --END-- [ RunTime:0.001000s ]
NOTIC: [2] session_start(): open(C:\Windows\sess_2u5h4d0r4tv0q37ftsokp0oa10, O_RDWR) failed: Permission denied (13) D:\phpStudy\WWW\owl\ThinkPHP\Common\functions.php 第 1263 行.

[ 2016-01-19T17:41:47+08:00 ] ::1 /owl/index.php/Home/login.html
INFO: [ app_init ] --START--
INFO: Run Behavior\BuildLiteBehavior [ RunTime:0.000000s ]
INFO: [ app_init ] --END-- [ RunTime:0.000000s ]
INFO: [ app_begin ] --START--
INFO: Run Behavior\ReadHtmlCacheBehavior [ RunTime:0.000000s ]
INFO: [ app_begin ] --END-- [ RunTime:0.000000s ]
NOTIC: [2] session_start(): open(C:\Windows\sess_2u5h4d0r4tv0q37ftsokp0oa10, O_RDWR) failed: Permission denied (13) D:\phpStudy\WWW\owl\ThinkPHP\Common\functions.php 第 1263 行.

[ 2016-01-19T17:41:49+08:00 ] ::1 /owl/index.php/Home/login.html
INFO: [ app_init ] --START--
INFO: Run Behavior\BuildLiteBehavior [ RunTime:0.000000s ]
INFO: [ app_init ] --END-- [ RunTime:0.000000s ]
INFO: [ app_begin ] --START--
INFO: Run Behavior\ReadHtmlCacheBehavior [ RunTime:0.000000s ]
INFO: [ app_begin ] --END-- [ RunTime:0.000000s ]
NOTIC: [2] session_start(): open(C:\Windows\sess_2u5h4d0r4tv0q37ftsokp0oa10, O_RDWR) failed: Permission denied (13) D:\phpStudy\WWW\owl\ThinkPHP\Common\functions.php 第 1263 行.

[ 2016-01-19T17:41:49+08:00 ] ::1 /owl/index.php/Home/login.html
INFO: [ app_init ] --START--
INFO: Run Behavior\BuildLiteBehavior [ RunTime:0.001000s ]
INFO: [ app_init ] --END-- [ RunTime:0.001000s ]
INFO: [ app_begin ] --START--
INFO: Run Behavior\ReadHtmlCacheBehavior [ RunTime:0.001000s ]
INFO: [ app_begin ] --END-- [ RunTime:0.001000s ]
NOTIC: [2] session_start(): open(C:\Windows\sess_2u5h4d0r4tv0q37ftsokp0oa10, O_RDWR) failed: Permission denied (13) D:\phpStudy\WWW\owl\ThinkPHP\Common\functions.php 第 1263 行.

[ 2016-01-19T17:41:49+08:00 ] ::1 /owl/index.php/Home/login.html
INFO: [ app_init ] --START--
INFO: Run Behavior\BuildLiteBehavior [ RunTime:0.000000s ]
INFO: [ app_init ] --END-- [ RunTime:0.001000s ]
INFO: [ app_begin ] --START--
INFO: Run Behavior\ReadHtmlCacheBehavior [ RunTime:0.001000s ]
INFO: [ app_begin ] --END-- [ RunTime:0.001000s ]
NOTIC: [2] session_start(): open(C:\Windows\sess_2u5h4d0r4tv0q37ftsokp0oa10, O_RDWR) failed: Permission denied (13) D:\phpStudy\WWW\owl\ThinkPHP\Common\functions.php 第 1263 行.

[ 2016-01-19T17:41:49+08:00 ] ::1 /owl/index.php/Home/login.html
INFO: [ app_init ] --START--
INFO: Run Behavior\BuildLiteBehavior [ RunTime:0.000000s ]
INFO: [ app_init ] --END-- [ RunTime:0.000000s ]
INFO: [ app_begin ] --START--
INFO: Run Behavior\ReadHtmlCacheBehavior [ RunTime:0.001000s ]
INFO: [ app_begin ] --END-- [ RunTime:0.001000s ]
NOTIC: [2] session_start(): open(C:\Windows\sess_2u5h4d0r4tv0q37ftsokp0oa10, O_RDWR) failed: Permission denied (13) D:\phpStudy\WWW\owl\ThinkPHP\Common\functions.php 第 1263 行.

[ 2016-01-19T17:41:49+08:00 ] ::1 /owl/index.php/Home/login.html
INFO: [ app_init ] --START--
INFO: Run Behavior\BuildLiteBehavior [ RunTime:0.000000s ]
INFO: [ app_init ] --END-- [ RunTime:0.000000s ]
INFO: [ app_begin ] --START--
INFO: Run Behavior\ReadHtmlCacheBehavior [ RunTime:0.001000s ]
INFO: [ app_begin ] --END-- [ RunTime:0.001000s ]
NOTIC: [2] session_start(): open(C:\Windows\sess_2u5h4d0r4tv0q37ftsokp0oa10, O_RDWR) failed: Permission denied (13) D:\phpStudy\WWW\owl\ThinkPHP\Common\functions.php 第 1263 行.

[ 2016-01-19T17:41:49+08:00 ] ::1 /owl/index.php/Home/login.html
INFO: [ app_init ] --START--
INFO: Run Behavior\BuildLiteBehavior [ RunTime:0.000000s ]
INFO: [ app_init ] --END-- [ RunTime:0.000000s ]
INFO: [ app_begin ] --START--
INFO: Run Behavior\ReadHtmlCacheBehavior [ RunTime:0.001000s ]
INFO: [ app_begin ] --END-- [ RunTime:0.001000s ]
NOTIC: [2] session_start(): open(C:\Windows\sess_2u5h4d0r4tv0q37ftsokp0oa10, O_RDWR) failed: Permission denied (13) D:\phpStudy\WWW\owl\ThinkPHP\Common\functions.php 第 1263 行.

[ 2016-01-19T17:41:49+08:00 ] ::1 /owl/index.php/Home/login.html
INFO: [ app_init ] --START--
INFO: Run Behavior\BuildLiteBehavior [ RunTime:0.000000s ]
INFO: [ app_init ] --END-- [ RunTime:0.000000s ]
INFO: [ app_begin ] --START--
INFO: Run Behavior\ReadHtmlCacheBehavior [ RunTime:0.001000s ]
INFO: [ app_begin ] --END-- [ RunTime:0.001000s ]
NOTIC: [2] session_start(): open(C:\Windows\sess_2u5h4d0r4tv0q37ftsokp0oa10, O_RDWR) failed: Permission denied (13) D:\phpStudy\WWW\owl\ThinkPHP\Common\functions.php 第 1263 行.

[ 2016-01-19T17:41:49+08:00 ] ::1 /owl/index.php/Home/login.html
INFO: [ app_init ] --START--
INFO: Run Behavior\BuildLiteBehavior [ RunTime:0.000000s ]
INFO: [ app_init ] --END-- [ RunTime:0.000000s ]
INFO: [ app_begin ] --START--
INFO: Run Behavior\ReadHtmlCacheBehavior [ RunTime:0.000000s ]
INFO: [ app_begin ] --END-- [ RunTime:0.000000s ]
NOTIC: [2] session_start(): open(C:\Windows\sess_2u5h4d0r4tv0q37ftsokp0oa10, O_RDWR) failed: Permission denied (13) D:\phpStudy\WWW\owl\ThinkPHP\Common\functions.php 第 1263 行.

[ 2016-01-19T17:41:49+08:00 ] ::1 /owl/index.php/Home/login.html
INFO: [ app_init ] --START--
INFO: Run Behavior\BuildLiteBehavior [ RunTime:0.000000s ]
INFO: [ app_init ] --END-- [ RunTime:0.000000s ]
INFO: [ app_begin ] --START--
INFO: Run Behavior\ReadHtmlCacheBehavior [ RunTime:0.000000s ]
INFO: [ app_begin ] --END-- [ RunTime:0.000000s ]
NOTIC: [2] session_start(): open(C:\Windows\sess_2u5h4d0r4tv0q37ftsokp0oa10, O_RDWR) failed: Permission denied (13) D:\phpStudy\WWW\owl\ThinkPHP\Common\functions.php 第 1263 行.

[ 2016-01-19T17:41:49+08:00 ] ::1 /owl/index.php/Home/login.html
INFO: [ app_init ] --START--
INFO: Run Behavior\BuildLiteBehavior [ RunTime:0.000000s ]
INFO: [ app_init ] --END-- [ RunTime:0.001000s ]
INFO: [ app_begin ] --START--
INFO: Run Behavior\ReadHtmlCacheBehavior [ RunTime:0.000000s ]
INFO: [ app_begin ] --END-- [ RunTime:0.000000s ]
NOTIC: [2] session_start(): open(C:\Windows\sess_2u5h4d0r4tv0q37ftsokp0oa10, O_RDWR) failed: Permission denied (13) D:\phpStudy\WWW\owl\ThinkPHP\Common\functions.php 第 1263 行.

[ 2016-01-19T17:41:49+08:00 ] ::1 /owl/index.php/Home/login.html
INFO: [ app_init ] --START--
INFO: Run Behavior\BuildLiteBehavior [ RunTime:0.000000s ]
INFO: [ app_init ] --END-- [ RunTime:0.000000s ]
INFO: [ app_begin ] --START--
INFO: Run Behavior\ReadHtmlCacheBehavior [ RunTime:0.000000s ]
INFO: [ app_begin ] --END-- [ RunTime:0.000000s ]
NOTIC: [2] session_start(): open(C:\Windows\sess_2u5h4d0r4tv0q37ftsokp0oa10, O_RDWR) failed: Permission denied (13) D:\phpStudy\WWW\owl\ThinkPHP\Common\functions.php 第 1263 行.

[ 2016-01-19T17:41:49+08:00 ] ::1 /owl/index.php/Home/login.html
INFO: [ app_init ] --START--
INFO: Run Behavior\BuildLiteBehavior [ RunTime:0.000000s ]
INFO: [ app_init ] --END-- [ RunTime:0.000000s ]
INFO: [ app_begin ] --START--
INFO: Run Behavior\ReadHtmlCacheBehavior [ RunTime:0.000000s ]
INFO: [ app_begin ] --END-- [ RunTime:0.000000s ]
NOTIC: [2] session_start(): open(C:\Windows\sess_2u5h4d0r4tv0q37ftsokp0oa10, O_RDWR) failed: Permission denied (13) D:\phpStudy\WWW\owl\ThinkPHP\Common\functions.php 第 1263 行.

[ 2016-01-19T17:41:49+08:00 ] ::1 /owl/index.php/Home/login.html
INFO: [ app_init ] --START--
INFO: Run Behavior\BuildLiteBehavior [ RunTime:0.000000s ]
INFO: [ app_init ] --END-- [ RunTime:0.000000s ]
INFO: [ app_begin ] --START--
INFO: Run Behavior\ReadHtmlCacheBehavior [ RunTime:0.000000s ]
INFO: [ app_begin ] --END-- [ RunTime:0.000000s ]
NOTIC: [2] session_start(): open(C:\Windows\sess_2u5h4d0r4tv0q37ftsokp0oa10, O_RDWR) failed: Permission denied (13) D:\phpStudy\WWW\owl\ThinkPHP\Common\functions.php 第 1263 行.

[ 2016-01-19T17:41:49+08:00 ] ::1 /owl/index.php/Home/login.html
INFO: [ app_init ] --START--
INFO: Run Behavior\BuildLiteBehavior [ RunTime:0.000000s ]
INFO: [ app_init ] --END-- [ RunTime:0.000000s ]
INFO: [ app_begin ] --START--
INFO: Run Behavior\ReadHtmlCacheBehavior [ RunTime:0.001000s ]
INFO: [ app_begin ] --END-- [ RunTime:0.001000s ]
NOTIC: [2] session_start(): open(C:\Windows\sess_2u5h4d0r4tv0q37ftsokp0oa10, O_RDWR) failed: Permission denied (13) D:\phpStudy\WWW\owl\ThinkPHP\Common\functions.php 第 1263 行.

[ 2016-01-19T17:41:49+08:00 ] ::1 /owl/index.php/Home/login.html
INFO: [ app_init ] --START--
INFO: Run Behavior\BuildLiteBehavior [ RunTime:0.000000s ]
INFO: [ app_init ] --END-- [ RunTime:0.000000s ]
INFO: [ app_begin ] --START--
INFO: Run Behavior\ReadHtmlCacheBehavior [ RunTime:0.001000s ]
INFO: [ app_begin ] --END-- [ RunTime:0.001000s ]
NOTIC: [2] session_start(): open(C:\Windows\sess_2u5h4d0r4tv0q37ftsokp0oa10, O_RDWR) failed: Permission denied (13) D:\phpStudy\WWW\owl\ThinkPHP\Common\functions.php 第 1263 行.

[ 2016-01-19T17:41:49+08:00 ] ::1 /owl/index.php/Home/login.html
INFO: [ app_init ] --START--
INFO: Run Behavior\BuildLiteBehavior [ RunTime:0.000000s ]
INFO: [ app_init ] --END-- [ RunTime:0.001000s ]
INFO: [ app_begin ] --START--
INFO: Run Behavior\ReadHtmlCacheBehavior [ RunTime:0.001000s ]
INFO: [ app_begin ] --END-- [ RunTime:0.001000s ]
NOTIC: [2] session_start(): open(C:\Windows\sess_2u5h4d0r4tv0q37ftsokp0oa10, O_RDWR) failed: Permission denied (13) D:\phpStudy\WWW\owl\ThinkPHP\Common\functions.php 第 1263 行.

[ 2016-01-19T17:41:49+08:00 ] ::1 /owl/index.php/Home/login.html
INFO: [ app_init ] --START--
INFO: Run Behavior\BuildLiteBehavior [ RunTime:0.000000s ]
INFO: [ app_init ] --END-- [ RunTime:0.000000s ]
INFO: [ app_begin ] --START--
INFO: Run Behavior\ReadHtmlCacheBehavior [ RunTime:0.000000s ]
INFO: [ app_begin ] --END-- [ RunTime:0.000000s ]
NOTIC: [2] session_start(): open(C:\Windows\sess_2u5h4d0r4tv0q37ftsokp0oa10, O_RDWR) failed: Permission denied (13) D:\phpStudy\WWW\owl\ThinkPHP\Common\functions.php 第 1263 行.

[ 2016-01-19T17:41:49+08:00 ] ::1 /owl/index.php/Home/login.html
INFO: [ app_init ] --START--
INFO: Run Behavior\BuildLiteBehavior [ RunTime:0.000000s ]
INFO: [ app_init ] --END-- [ RunTime:0.000000s ]
INFO: [ app_begin ] --START--
INFO: Run Behavior\ReadHtmlCacheBehavior [ RunTime:0.001000s ]
INFO: [ app_begin ] --END-- [ RunTime:0.001000s ]
NOTIC: [2] session_start(): open(C:\Windows\sess_2u5h4d0r4tv0q37ftsokp0oa10, O_RDWR) failed: Permission denied (13) D:\phpStudy\WWW\owl\ThinkPHP\Common\functions.php 第 1263 行.

[ 2016-01-19T17:41:49+08:00 ] ::1 /owl/index.php/Home/login.html
INFO: [ app_init ] --START--
INFO: Run Behavior\BuildLiteBehavior [ RunTime:0.000000s ]
INFO: [ app_init ] --END-- [ RunTime:0.000000s ]
INFO: [ app_begin ] --START--
INFO: Run Behavior\ReadHtmlCacheBehavior [ RunTime:0.001000s ]
INFO: [ app_begin ] --END-- [ RunTime:0.001000s ]
NOTIC: [2] session_start(): open(C:\Windows\sess_2u5h4d0r4tv0q37ftsokp0oa10, O_RDWR) failed: Permission denied (13) D:\phpStudy\WWW\owl\ThinkPHP\Common\functions.php 第 1263 行.

[ 2016-01-19T17:41:49+08:00 ] ::1 /owl/index.php/Home/login.html
INFO: [ app_init ] --START--
INFO: Run Behavior\BuildLiteBehavior [ RunTime:0.000000s ]
INFO: [ app_init ] --END-- [ RunTime:0.001001s ]
INFO: [ app_begin ] --START--
INFO: Run Behavior\ReadHtmlCacheBehavior [ RunTime:0.001000s ]
INFO: [ app_begin ] --END-- [ RunTime:0.001000s ]
NOTIC: [2] session_start(): open(C:\Windows\sess_2u5h4d0r4tv0q37ftsokp0oa10, O_RDWR) failed: Permission denied (13) D:\phpStudy\WWW\owl\ThinkPHP\Common\functions.php 第 1263 行.

[ 2016-01-19T17:41:49+08:00 ] ::1 /owl/index.php/Home/login.html
INFO: [ app_init ] --START--
INFO: Run Behavior\BuildLiteBehavior [ RunTime:0.000000s ]
INFO: [ app_init ] --END-- [ RunTime:0.000000s ]
INFO: [ app_begin ] --START--
INFO: Run Behavior\ReadHtmlCacheBehavior [ RunTime:0.001000s ]
INFO: [ app_begin ] --END-- [ RunTime:0.001000s ]
NOTIC: [2] session_start(): open(C:\Windows\sess_2u5h4d0r4tv0q37ftsokp0oa10, O_RDWR) failed: Permission denied (13) D:\phpStudy\WWW\owl\ThinkPHP\Common\functions.php 第 1263 行.

[ 2016-01-19T17:42:44+08:00 ] ::1 /owl/index.php/Home/login.html
INFO: [ app_init ] --START--
INFO: Run Behavior\BuildLiteBehavior [ RunTime:0.000000s ]
INFO: [ app_init ] --END-- [ RunTime:0.000000s ]
INFO: [ app_begin ] --START--
INFO: Run Behavior\ReadHtmlCacheBehavior [ RunTime:0.001001s ]
INFO: [ app_begin ] --END-- [ RunTime:0.001001s ]
NOTIC: [2] session_start(): open(C:\Windows\sess_2u5h4d0r4tv0q37ftsokp0oa10, O_RDWR) failed: Permission denied (13) D:\phpStudy\WWW\owl\ThinkPHP\Common\functions.php 第 1263 行.
INFO: [ view_parse ] --START--
INFO: Run Behavior\ParseTemplateBehavior [ RunTime:0.001000s ]
INFO: [ view_parse ] --END-- [ RunTime:0.001000s ]
INFO: [ view_filter ] --START--
INFO: Run Behavior\WriteHtmlCacheBehavior [ RunTime:0.000000s ]
INFO: [ view_filter ] --END-- [ RunTime:0.000000s ]
INFO: [ app_end ] --START--
INFO: Run Behavior\ShowPageTraceBehavior [ RunTime:0.001000s ]
INFO: [ app_end ] --END-- [ RunTime:0.001000s ]

[ 2016-01-19T17:43:12+08:00 ] ::1 /owl/index.php/Home/login.html
INFO: [ app_init ] --START--
INFO: Run Behavior\BuildLiteBehavior [ RunTime:0.000000s ]
INFO: [ app_init ] --END-- [ RunTime:0.000000s ]
INFO: [ app_begin ] --START--
INFO: Run Behavior\ReadHtmlCacheBehavior [ RunTime:0.000000s ]
INFO: [ app_begin ] --END-- [ RunTime:0.001000s ]
NOTIC: [2] session_start(): open(C:\Windows\sess_2u5h4d0r4tv0q37ftsokp0oa10, O_RDWR) failed: Permission denied (13) D:\phpStudy\WWW\owl\ThinkPHP\Common\functions.php 第 1263 行.
INFO: [ view_parse ] --START--
INFO: Run Behavior\ParseTemplateBehavior [ RunTime:0.001000s ]
INFO: [ view_parse ] --END-- [ RunTime:0.001000s ]
INFO: [ view_filter ] --START--
INFO: Run Behavior\WriteHtmlCacheBehavior [ RunTime:0.000000s ]
INFO: [ view_filter ] --END-- [ RunTime:0.000000s ]
INFO: [ app_end ] --START--
INFO: Run Behavior\ShowPageTraceBehavior [ RunTime:0.001000s ]
INFO: [ app_end ] --END-- [ RunTime:0.001000s ]

[ 2016-01-19T17:43:58+08:00 ] ::1 /owl/index.php/Home/login.html
INFO: [ app_init ] --START--
INFO: Run Behavior\BuildLiteBehavior [ RunTime:0.000000s ]
INFO: [ app_init ] --END-- [ RunTime:0.000000s ]
INFO: [ app_begin ] --START--
INFO: Run Behavior\ReadHtmlCacheBehavior [ RunTime:0.001000s ]
INFO: [ app_begin ] --END-- [ RunTime:0.001000s ]
NOTIC: [2] session_start(): open(C:\Windows\sess_2u5h4d0r4tv0q37ftsokp0oa10, O_RDWR) failed: Permission denied (13) D:\phpStudy\WWW\owl\ThinkPHP\Common\functions.php 第 1263 行.

[ 2016-01-19T17:43:58+08:00 ] ::1 /owl/index.php/Home/login.html
INFO: [ app_init ] --START--
INFO: Run Behavior\BuildLiteBehavior [ RunTime:0.000000s ]
INFO: [ app_init ] --END-- [ RunTime:0.001000s ]
INFO: [ app_begin ] --START--
INFO: Run Behavior\ReadHtmlCacheBehavior [ RunTime:0.001000s ]
INFO: [ app_begin ] --END-- [ RunTime:0.001000s ]
NOTIC: [2] session_start(): open(C:\Windows\sess_2u5h4d0r4tv0q37ftsokp0oa10, O_RDWR) failed: Permission denied (13) D:\phpStudy\WWW\owl\ThinkPHP\Common\functions.php 第 1263 行.

[ 2016-01-19T17:43:58+08:00 ] ::1 /owl/index.php/Home/login.html
INFO: [ app_init ] --START--
INFO: Run Behavior\BuildLiteBehavior [ RunTime:0.000000s ]
INFO: [ app_init ] --END-- [ RunTime:0.001000s ]
INFO: [ app_begin ] --START--
INFO: Run Behavior\ReadHtmlCacheBehavior [ RunTime:0.000000s ]
INFO: [ app_begin ] --END-- [ RunTime:0.000000s ]
NOTIC: [2] session_start(): open(C:\Windows\sess_2u5h4d0r4tv0q37ftsokp0oa10, O_RDWR) failed: Permission denied (13) D:\phpStudy\WWW\owl\ThinkPHP\Common\functions.php 第 1263 行.

[ 2016-01-19T17:43:58+08:00 ] ::1 /owl/index.php/Home/login.html
INFO: [ app_init ] --START--
INFO: Run Behavior\BuildLiteBehavior [ RunTime:0.000000s ]
INFO: [ app_init ] --END-- [ RunTime:0.000000s ]
INFO: [ app_begin ] --START--
INFO: Run Behavior\ReadHtmlCacheBehavior [ RunTime:0.000000s ]
INFO: [ app_begin ] --END-- [ RunTime:0.000000s ]
NOTIC: [2] session_start(): open(C:\Windows\sess_2u5h4d0r4tv0q37ftsokp0oa10, O_RDWR) failed: Permission denied (13) D:\phpStudy\WWW\owl\ThinkPHP\Common\functions.php 第 1263 行.

[ 2016-01-19T17:43:58+08:00 ] ::1 /owl/index.php/Home/login.html
INFO: [ app_init ] --START--
INFO: Run Behavior\BuildLiteBehavior [ RunTime:0.000000s ]
INFO: [ app_init ] --END-- [ RunTime:0.000000s ]
INFO: [ app_begin ] --START--
INFO: Run Behavior\ReadHtmlCacheBehavior [ RunTime:0.000000s ]
INFO: [ app_begin ] --END-- [ RunTime:0.000000s ]
NOTIC: [2] session_start(): open(C:\Windows\sess_2u5h4d0r4tv0q37ftsokp0oa10, O_RDWR) failed: Permission denied (13) D:\phpStudy\WWW\owl\ThinkPHP\Common\functions.php 第 1263 行.

[ 2016-01-19T17:43:58+08:00 ] ::1 /owl/index.php/Home/login.html
INFO: [ app_init ] --START--
INFO: Run Behavior\BuildLiteBehavior [ RunTime:0.000000s ]
INFO: [ app_init ] --END-- [ RunTime:0.000000s ]
INFO: [ app_begin ] --START--
INFO: Run Behavior\ReadHtmlCacheBehavior [ RunTime:0.000000s ]
INFO: [ app_begin ] --END-- [ RunTime:0.000000s ]
NOTIC: [2] session_start(): open(C:\Windows\sess_2u5h4d0r4tv0q37ftsokp0oa10, O_RDWR) failed: Permission denied (13) D:\phpStudy\WWW\owl\ThinkPHP\Common\functions.php 第 1263 行.

[ 2016-01-19T17:43:58+08:00 ] ::1 /owl/index.php/Home/login.html
INFO: [ app_init ] --START--
INFO: Run Behavior\BuildLiteBehavior [ RunTime:0.000000s ]
INFO: [ app_init ] --END-- [ RunTime:0.000000s ]
INFO: [ app_begin ] --START--
INFO: Run Behavior\ReadHtmlCacheBehavior [ RunTime:0.000000s ]
INFO: [ app_begin ] --END-- [ RunTime:0.000000s ]
NOTIC: [2] session_start(): open(C:\Windows\sess_2u5h4d0r4tv0q37ftsokp0oa10, O_RDWR) failed: Permission denied (13) D:\phpStudy\WWW\owl\ThinkPHP\Common\functions.php 第 1263 行.

[ 2016-01-19T17:43:58+08:00 ] ::1 /owl/index.php/Home/login.html
INFO: [ app_init ] --START--
INFO: Run Behavior\BuildLiteBehavior [ RunTime:0.000000s ]
INFO: [ app_init ] --END-- [ RunTime:0.000000s ]
INFO: [ app_begin ] --START--
INFO: Run Behavior\ReadHtmlCacheBehavior [ RunTime:0.000000s ]
INFO: [ app_begin ] --END-- [ RunTime:0.000000s ]
NOTIC: [2] session_start(): open(C:\Windows\sess_2u5h4d0r4tv0q37ftsokp0oa10, O_RDWR) failed: Permission denied (13) D:\phpStudy\WWW\owl\ThinkPHP\Common\functions.php 第 1263 行.

[ 2016-01-19T17:43:58+08:00 ] ::1 /owl/index.php/Home/login.html
INFO: [ app_init ] --START--
INFO: Run Behavior\BuildLiteBehavior [ RunTime:0.000000s ]
INFO: [ app_init ] --END-- [ RunTime:0.000000s ]
INFO: [ app_begin ] --START--
INFO: Run Behavior\ReadHtmlCacheBehavior [ RunTime:0.001000s ]
INFO: [ app_begin ] --END-- [ RunTime:0.001000s ]
NOTIC: [2] session_start(): open(C:\Windows\sess_2u5h4d0r4tv0q37ftsokp0oa10, O_RDWR) failed: Permission denied (13) D:\phpStudy\WWW\owl\ThinkPHP\Common\functions.php 第 1263 行.

[ 2016-01-19T17:43:58+08:00 ] ::1 /owl/index.php/Home/login.html
INFO: [ app_init ] --START--
INFO: Run Behavior\BuildLiteBehavior [ RunTime:0.000000s ]
INFO: [ app_init ] --END-- [ RunTime:0.000000s ]
INFO: [ app_begin ] --START--
INFO: Run Behavior\ReadHtmlCacheBehavior [ RunTime:0.000000s ]
INFO: [ app_begin ] --END-- [ RunTime:0.000000s ]
NOTIC: [2] session_start(): open(C:\Windows\sess_2u5h4d0r4tv0q37ftsokp0oa10, O_RDWR) failed: Permission denied (13) D:\phpStudy\WWW\owl\ThinkPHP\Common\functions.php 第 1263 行.

[ 2016-01-19T17:43:58+08:00 ] ::1 /owl/index.php/Home/login.html
INFO: [ app_init ] --START--
INFO: Run Behavior\BuildLiteBehavior [ RunTime:0.000000s ]
INFO: [ app_init ] --END-- [ RunTime:0.000000s ]
INFO: [ app_begin ] --START--
INFO: Run Behavior\ReadHtmlCacheBehavior [ RunTime:0.000000s ]
INFO: [ app_begin ] --END-- [ RunTime:0.000000s ]
NOTIC: [2] session_start(): open(C:\Windows\sess_2u5h4d0r4tv0q37ftsokp0oa10, O_RDWR) failed: Permission denied (13) D:\phpStudy\WWW\owl\ThinkPHP\Common\functions.php 第 1263 行.

[ 2016-01-19T17:43:58+08:00 ] ::1 /owl/index.php/Home/login.html
INFO: [ app_init ] --START--
INFO: Run Behavior\BuildLiteBehavior [ RunTime:0.000000s ]
INFO: [ app_init ] --END-- [ RunTime:0.000000s ]
INFO: [ app_begin ] --START--
INFO: Run Behavior\ReadHtmlCacheBehavior [ RunTime:0.001000s ]
INFO: [ app_begin ] --END-- [ RunTime:0.001000s ]
NOTIC: [2] session_start(): open(C:\Windows\sess_2u5h4d0r4tv0q37ftsokp0oa10, O_RDWR) failed: Permission denied (13) D:\phpStudy\WWW\owl\ThinkPHP\Common\functions.php 第 1263 行.

[ 2016-01-19T17:43:58+08:00 ] ::1 /owl/index.php/Home/login.html
INFO: [ app_init ] --START--
INFO: Run Behavior\BuildLiteBehavior [ RunTime:0.000000s ]
INFO: [ app_init ] --END-- [ RunTime:0.000000s ]
INFO: [ app_begin ] --START--
INFO: Run Behavior\ReadHtmlCacheBehavior [ RunTime:0.000000s ]
INFO: [ app_begin ] --END-- [ RunTime:0.000000s ]
NOTIC: [2] session_start(): open(C:\Windows\sess_2u5h4d0r4tv0q37ftsokp0oa10, O_RDWR) failed: Permission denied (13) D:\phpStudy\WWW\owl\ThinkPHP\Common\functions.php 第 1263 行.

[ 2016-01-19T17:43:58+08:00 ] ::1 /owl/index.php/Home/login.html
INFO: [ app_init ] --START--
INFO: Run Behavior\BuildLiteBehavior [ RunTime:0.000000s ]
INFO: [ app_init ] --END-- [ RunTime:0.000000s ]
INFO: [ app_begin ] --START--
INFO: Run Behavior\ReadHtmlCacheBehavior [ RunTime:0.001001s ]
INFO: [ app_begin ] --END-- [ RunTime:0.001001s ]
NOTIC: [2] session_start(): open(C:\Windows\sess_2u5h4d0r4tv0q37ftsokp0oa10, O_RDWR) failed: Permission denied (13) D:\phpStudy\WWW\owl\ThinkPHP\Common\functions.php 第 1263 行.

[ 2016-01-19T17:43:58+08:00 ] ::1 /owl/index.php/Home/login.html
INFO: [ app_init ] --START--
INFO: Run Behavior\BuildLiteBehavior [ RunTime:0.000000s ]
INFO: [ app_init ] --END-- [ RunTime:0.001000s ]
INFO: [ app_begin ] --START--
INFO: Run Behavior\ReadHtmlCacheBehavior [ RunTime:0.000000s ]
INFO: [ app_begin ] --END-- [ RunTime:0.001000s ]
NOTIC: [2] session_start(): open(C:\Windows\sess_2u5h4d0r4tv0q37ftsokp0oa10, O_RDWR) failed: Permission denied (13) D:\phpStudy\WWW\owl\ThinkPHP\Common\functions.php 第 1263 行.

[ 2016-01-19T17:43:58+08:00 ] ::1 /owl/index.php/Home/login.html
INFO: [ app_init ] --START--
INFO: Run Behavior\BuildLiteBehavior [ RunTime:0.000000s ]
INFO: [ app_init ] --END-- [ RunTime:0.001000s ]
INFO: [ app_begin ] --START--
INFO: Run Behavior\ReadHtmlCacheBehavior [ RunTime:0.001001s ]
INFO: [ app_begin ] --END-- [ RunTime:0.001001s ]
NOTIC: [2] session_start(): open(C:\Windows\sess_2u5h4d0r4tv0q37ftsokp0oa10, O_RDWR) failed: Permission denied (13) D:\phpStudy\WWW\owl\ThinkPHP\Common\functions.php 第 1263 行.

[ 2016-01-19T17:43:58+08:00 ] ::1 /owl/index.php/Home/login.html
INFO: [ app_init ] --START--
INFO: Run Behavior\BuildLiteBehavior [ RunTime:0.000000s ]
INFO: [ app_init ] --END-- [ RunTime:0.001000s ]
INFO: [ app_begin ] --START--
INFO: Run Behavior\ReadHtmlCacheBehavior [ RunTime:0.001000s ]
INFO: [ app_begin ] --END-- [ RunTime:0.001000s ]
NOTIC: [2] session_start(): open(C:\Windows\sess_2u5h4d0r4tv0q37ftsokp0oa10, O_RDWR) failed: Permission denied (13) D:\phpStudy\WWW\owl\ThinkPHP\Common\functions.php 第 1263 行.

[ 2016-01-19T17:43:58+08:00 ] ::1 /owl/index.php/Home/login.html
INFO: [ app_init ] --START--
INFO: Run Behavior\BuildLiteBehavior [ RunTime:0.000000s ]
INFO: [ app_init ] --END-- [ RunTime:0.000000s ]
INFO: [ app_begin ] --START--
INFO: Run Behavior\ReadHtmlCacheBehavior [ RunTime:0.000000s ]
INFO: [ app_begin ] --END-- [ RunTime:0.000000s ]
NOTIC: [2] session_start(): open(C:\Windows\sess_2u5h4d0r4tv0q37ftsokp0oa10, O_RDWR) failed: Permission denied (13) D:\phpStudy\WWW\owl\ThinkPHP\Common\functions.php 第 1263 行.

[ 2016-01-19T17:43:58+08:00 ] ::1 /owl/index.php/Home/login.html
INFO: [ app_init ] --START--
INFO: Run Behavior\BuildLiteBehavior [ RunTime:0.000000s ]
INFO: [ app_init ] --END-- [ RunTime:0.000000s ]
INFO: [ app_begin ] --START--
INFO: Run Behavior\ReadHtmlCacheBehavior [ RunTime:0.000000s ]
INFO: [ app_begin ] --END-- [ RunTime:0.000000s ]
NOTIC: [2] session_start(): open(C:\Windows\sess_2u5h4d0r4tv0q37ftsokp0oa10, O_RDWR) failed: Permission denied (13) D:\phpStudy\WWW\owl\ThinkPHP\Common\functions.php 第 1263 行.

[ 2016-01-19T17:43:58+08:00 ] ::1 /owl/index.php/Home/login.html
INFO: [ app_init ] --START--
INFO: Run Behavior\BuildLiteBehavior [ RunTime:0.000000s ]
INFO: [ app_init ] --END-- [ RunTime:0.001000s ]
INFO: [ app_begin ] --START--
INFO: Run Behavior\ReadHtmlCacheBehavior [ RunTime:0.001000s ]
INFO: [ app_begin ] --END-- [ RunTime:0.001000s ]
NOTIC: [2] session_start(): open(C:\Windows\sess_2u5h4d0r4tv0q37ftsokp0oa10, O_RDWR) failed: Permission denied (13) D:\phpStudy\WWW\owl\ThinkPHP\Common\functions.php 第 1263 行.

[ 2016-01-19T17:43:58+08:00 ] ::1 /owl/index.php/Home/login.html
INFO: [ app_init ] --START--
INFO: Run Behavior\BuildLiteBehavior [ RunTime:0.000000s ]
INFO: [ app_init ] --END-- [ RunTime:0.000000s ]
INFO: [ app_begin ] --START--
INFO: Run Behavior\ReadHtmlCacheBehavior [ RunTime:0.000000s ]
INFO: [ app_begin ] --END-- [ RunTime:0.000000s ]
NOTIC: [2] session_start(): open(C:\Windows\sess_2u5h4d0r4tv0q37ftsokp0oa10, O_RDWR) failed: Permission denied (13) D:\phpStudy\WWW\owl\ThinkPHP\Common\functions.php 第 1263 行.

[ 2016-01-19T17:43:58+08:00 ] ::1 /owl/index.php/Home/login.html
INFO: [ app_init ] --START--
INFO: Run Behavior\BuildLiteBehavior [ RunTime:0.000000s ]
INFO: [ app_init ] --END-- [ RunTime:0.000000s ]
INFO: [ app_begin ] --START--
INFO: Run Behavior\ReadHtmlCacheBehavior [ RunTime:0.001001s ]
INFO: [ app_begin ] --END-- [ RunTime:0.001001s ]
NOTIC: [2] session_start(): open(C:\Windows\sess_2u5h4d0r4tv0q37ftsokp0oa10, O_RDWR) failed: Permission denied (13) D:\phpStudy\WWW\owl\ThinkPHP\Common\functions.php 第 1263 行.

[ 2016-01-19T17:43:58+08:00 ] ::1 /owl/index.php/Home/login.html
INFO: [ app_init ] --START--
INFO: Run Behavior\BuildLiteBehavior [ RunTime:0.000000s ]
INFO: [ app_init ] --END-- [ RunTime:0.000000s ]
INFO: [ app_begin ] --START--
INFO: Run Behavior\ReadHtmlCacheBehavior [ RunTime:0.000000s ]
INFO: [ app_begin ] --END-- [ RunTime:0.000000s ]
NOTIC: [2] session_start(): open(C:\Windows\sess_2u5h4d0r4tv0q37ftsokp0oa10, O_RDWR) failed: Permission denied (13) D:\phpStudy\WWW\owl\ThinkPHP\Common\functions.php 第 1263 行.

[ 2016-01-19T17:43:58+08:00 ] ::1 /owl/index.php/Home/login.html
INFO: [ app_init ] --START--
INFO: Run Behavior\BuildLiteBehavior [ RunTime:0.000000s ]
INFO: [ app_init ] --END-- [ RunTime:0.001000s ]
INFO: [ app_begin ] --START--
INFO: Run Behavior\ReadHtmlCacheBehavior [ RunTime:0.001000s ]
INFO: [ app_begin ] --END-- [ RunTime:0.001000s ]
NOTIC: [2] session_start(): open(C:\Windows\sess_2u5h4d0r4tv0q37ftsokp0oa10, O_RDWR) failed: Permission denied (13) D:\phpStudy\WWW\owl\ThinkPHP\Common\functions.php 第 1263 行.

[ 2016-01-19T17:43:58+08:00 ] ::1 /owl/index.php/Home/login.html
INFO: [ app_init ] --START--
INFO: Run Behavior\BuildLiteBehavior [ RunTime:0.000000s ]
INFO: [ app_init ] --END-- [ RunTime:0.001000s ]
INFO: [ app_begin ] --START--
INFO: Run Behavior\ReadHtmlCacheBehavior [ RunTime:0.000000s ]
INFO: [ app_begin ] --END-- [ RunTime:0.000000s ]
NOTIC: [2] session_start(): open(C:\Windows\sess_2u5h4d0r4tv0q37ftsokp0oa10, O_RDWR) failed: Permission denied (13) D:\phpStudy\WWW\owl\ThinkPHP\Common\functions.php 第 1263 行.

[ 2016-01-19T17:43:58+08:00 ] ::1 /owl/index.php/Home/login.html
INFO: [ app_init ] --START--
INFO: Run Behavior\BuildLiteBehavior [ RunTime:0.000000s ]
INFO: [ app_init ] --END-- [ RunTime:0.001000s ]
INFO: [ app_begin ] --START--
INFO: Run Behavior\ReadHtmlCacheBehavior [ RunTime:0.001000s ]
INFO: [ app_begin ] --END-- [ RunTime:0.001000s ]
NOTIC: [2] session_start(): open(C:\Windows\sess_2u5h4d0r4tv0q37ftsokp0oa10, O_RDWR) failed: Permission denied (13) D:\phpStudy\WWW\owl\ThinkPHP\Common\functions.php 第 1263 行.

[ 2016-01-19T17:43:58+08:00 ] ::1 /owl/index.php/Home/login.html
INFO: [ app_init ] --START--
INFO: Run Behavior\BuildLiteBehavior [ RunTime:0.000000s ]
INFO: [ app_init ] --END-- [ RunTime:0.000000s ]
INFO: [ app_begin ] --START--
INFO: Run Behavior\ReadHtmlCacheBehavior [ RunTime:0.000000s ]
INFO: [ app_begin ] --END-- [ RunTime:0.000000s ]
NOTIC: [2] session_start(): open(C:\Windows\sess_2u5h4d0r4tv0q37ftsokp0oa10, O_RDWR) failed: Permission denied (13) D:\phpStudy\WWW\owl\ThinkPHP\Common\functions.php 第 1263 行.

[ 2016-01-19T17:43:58+08:00 ] ::1 /owl/index.php/Home/login.html
INFO: [ app_init ] --START--
INFO: Run Behavior\BuildLiteBehavior [ RunTime:0.000000s ]
INFO: [ app_init ] --END-- [ RunTime:0.000000s ]
INFO: [ app_begin ] --START--
INFO: Run Behavior\ReadHtmlCacheBehavior [ RunTime:0.000000s ]
INFO: [ app_begin ] --END-- [ RunTime:0.000000s ]
NOTIC: [2] session_start(): open(C:\Windows\sess_2u5h4d0r4tv0q37ftsokp0oa10, O_RDWR) failed: Permission denied (13) D:\phpStudy\WWW\owl\ThinkPHP\Common\functions.php 第 1263 行.

[ 2016-01-19T17:43:58+08:00 ] ::1 /owl/index.php/Home/login.html
INFO: [ app_init ] --START--
INFO: Run Behavior\BuildLiteBehavior [ RunTime:0.000000s ]
INFO: [ app_init ] --END-- [ RunTime:0.000000s ]
INFO: [ app_begin ] --START--
INFO: Run Behavior\ReadHtmlCacheBehavior [ RunTime:0.001000s ]
INFO: [ app_begin ] --END-- [ RunTime:0.001000s ]
NOTIC: [2] session_start(): open(C:\Windows\sess_2u5h4d0r4tv0q37ftsokp0oa10, O_RDWR) failed: Permission denied (13) D:\phpStudy\WWW\owl\ThinkPHP\Common\functions.php 第 1263 行.

[ 2016-01-19T17:43:58+08:00 ] ::1 /owl/index.php/Home/login.html
INFO: [ app_init ] --START--
INFO: Run Behavior\BuildLiteBehavior [ RunTime:0.000000s ]
INFO: [ app_init ] --END-- [ RunTime:0.001000s ]
INFO: [ app_begin ] --START--
INFO: Run Behavior\ReadHtmlCacheBehavior [ RunTime:0.000000s ]
INFO: [ app_begin ] --END-- [ RunTime:0.001000s ]
NOTIC: [2] session_start(): open(C:\Windows\sess_2u5h4d0r4tv0q37ftsokp0oa10, O_RDWR) failed: Permission denied (13) D:\phpStudy\WWW\owl\ThinkPHP\Common\functions.php 第 1263 行.

[ 2016-01-19T17:43:58+08:00 ] ::1 /owl/index.php/Home/login.html
INFO: [ app_init ] --START--
INFO: Run Behavior\BuildLiteBehavior [ RunTime:0.000000s ]
INFO: [ app_init ] --END-- [ RunTime:0.000000s ]
INFO: [ app_begin ] --START--
INFO: Run Behavior\ReadHtmlCacheBehavior [ RunTime:0.001000s ]
INFO: [ app_begin ] --END-- [ RunTime:0.001000s ]
NOTIC: [2] session_start(): open(C:\Windows\sess_2u5h4d0r4tv0q37ftsokp0oa10, O_RDWR) failed: Permission denied (13) D:\phpStudy\WWW\owl\ThinkPHP\Common\functions.php 第 1263 行.

[ 2016-01-19T17:43:58+08:00 ] ::1 /owl/index.php/Home/login.html
INFO: [ app_init ] --START--
INFO: Run Behavior\BuildLiteBehavior [ RunTime:0.000000s ]
INFO: [ app_init ] --END-- [ RunTime:0.000000s ]
INFO: [ app_begin ] --START--
INFO: Run Behavior\ReadHtmlCacheBehavior [ RunTime:0.001000s ]
INFO: [ app_begin ] --END-- [ RunTime:0.001000s ]
NOTIC: [2] session_start(): open(C:\Windows\sess_2u5h4d0r4tv0q37ftsokp0oa10, O_RDWR) failed: Permission denied (13) D:\phpStudy\WWW\owl\ThinkPHP\Common\functions.php 第 1263 行.

[ 2016-01-19T17:43:58+08:00 ] ::1 /owl/index.php/Home/login.html
INFO: [ app_init ] --START--
INFO: Run Behavior\BuildLiteBehavior [ RunTime:0.000000s ]
INFO: [ app_init ] --END-- [ RunTime:0.001000s ]
INFO: [ app_begin ] --START--
INFO: Run Behavior\ReadHtmlCacheBehavior [ RunTime:0.001000s ]
INFO: [ app_begin ] --END-- [ RunTime:0.001000s ]
NOTIC: [2] session_start(): open(C:\Windows\sess_2u5h4d0r4tv0q37ftsokp0oa10, O_RDWR) failed: Permission denied (13) D:\phpStudy\WWW\owl\ThinkPHP\Common\functions.php 第 1263 行.

[ 2016-01-19T17:43:58+08:00 ] ::1 /owl/index.php/Home/login.html
INFO: [ app_init ] --START--
INFO: Run Behavior\BuildLiteBehavior [ RunTime:0.000000s ]
INFO: [ app_init ] --END-- [ RunTime:0.001000s ]
INFO: [ app_begin ] --START--
INFO: Run Behavior\ReadHtmlCacheBehavior [ RunTime:0.000000s ]
INFO: [ app_begin ] --END-- [ RunTime:0.000000s ]
NOTIC: [2] session_start(): open(C:\Windows\sess_2u5h4d0r4tv0q37ftsokp0oa10, O_RDWR) failed: Permission denied (13) D:\phpStudy\WWW\owl\ThinkPHP\Common\functions.php 第 1263 行.

[ 2016-01-19T17:43:58+08:00 ] ::1 /owl/index.php/Home/login.html
INFO: [ app_init ] --START--
INFO: Run Behavior\BuildLiteBehavior [ RunTime:0.000000s ]
INFO: [ app_init ] --END-- [ RunTime:0.000000s ]
INFO: [ app_begin ] --START--
INFO: Run Behavior\ReadHtmlCacheBehavior [ RunTime:0.000000s ]
INFO: [ app_begin ] --END-- [ RunTime:0.000000s ]
NOTIC: [2] session_start(): open(C:\Windows\sess_2u5h4d0r4tv0q37ftsokp0oa10, O_RDWR) failed: Permission denied (13) D:\phpStudy\WWW\owl\ThinkPHP\Common\functions.php 第 1263 行.

[ 2016-01-19T17:43:58+08:00 ] ::1 /owl/index.php/Home/login.html
INFO: [ app_init ] --START--
INFO: Run Behavior\BuildLiteBehavior [ RunTime:0.000000s ]
INFO: [ app_init ] --END-- [ RunTime:0.001001s ]
INFO: [ app_begin ] --START--
INFO: Run Behavior\ReadHtmlCacheBehavior [ RunTime:0.001000s ]
INFO: [ app_begin ] --END-- [ RunTime:0.001000s ]
NOTIC: [2] session_start(): open(C:\Windows\sess_2u5h4d0r4tv0q37ftsokp0oa10, O_RDWR) failed: Permission denied (13) D:\phpStudy\WWW\owl\ThinkPHP\Common\functions.php 第 1263 行.

[ 2016-01-19T17:43:58+08:00 ] ::1 /owl/index.php/Home/login.html
INFO: [ app_init ] --START--
INFO: Run Behavior\BuildLiteBehavior [ RunTime:0.000000s ]
INFO: [ app_init ] --END-- [ RunTime:0.001000s ]
INFO: [ app_begin ] --START--
INFO: Run Behavior\ReadHtmlCacheBehavior [ RunTime:0.001000s ]
INFO: [ app_begin ] --END-- [ RunTime:0.001000s ]
NOTIC: [2] session_start(): open(C:\Windows\sess_2u5h4d0r4tv0q37ftsokp0oa10, O_RDWR) failed: Permission denied (13) D:\phpStudy\WWW\owl\ThinkPHP\Common\functions.php 第 1263 行.

[ 2016-01-19T17:43:58+08:00 ] ::1 /owl/index.php/Home/login.html
INFO: [ app_init ] --START--
INFO: Run Behavior\BuildLiteBehavior [ RunTime:0.000000s ]
INFO: [ app_init ] --END-- [ RunTime:0.000000s ]
INFO: [ app_begin ] --START--
INFO: Run Behavior\ReadHtmlCacheBehavior [ RunTime:0.000000s ]
INFO: [ app_begin ] --END-- [ RunTime:0.000000s ]
NOTIC: [2] session_start(): open(C:\Windows\sess_2u5h4d0r4tv0q37ftsokp0oa10, O_RDWR) failed: Permission denied (13) D:\phpStudy\WWW\owl\ThinkPHP\Common\functions.php 第 1263 行.

[ 2016-01-19T17:43:58+08:00 ] ::1 /owl/index.php/Home/login.html
INFO: [ app_init ] --START--
INFO: Run Behavior\BuildLiteBehavior [ RunTime:0.000000s ]
INFO: [ app_init ] --END-- [ RunTime:0.001000s ]
INFO: [ app_begin ] --START--
INFO: Run Behavior\ReadHtmlCacheBehavior [ RunTime:0.000000s ]
INFO: [ app_begin ] --END-- [ RunTime:0.001000s ]
NOTIC: [2] session_start(): open(C:\Windows\sess_2u5h4d0r4tv0q37ftsokp0oa10, O_RDWR) failed: Permission denied (13) D:\phpStudy\WWW\owl\ThinkPHP\Common\functions.php 第 1263 行.

[ 2016-01-19T17:43:58+08:00 ] ::1 /owl/index.php/Home/login.html
INFO: [ app_init ] --START--
INFO: Run Behavior\BuildLiteBehavior [ RunTime:0.000000s ]
INFO: [ app_init ] --END-- [ RunTime:0.001000s ]
INFO: [ app_begin ] --START--
INFO: Run Behavior\ReadHtmlCacheBehavior [ RunTime:0.001000s ]
INFO: [ app_begin ] --END-- [ RunTime:0.001000s ]
NOTIC: [2] session_start(): open(C:\Windows\sess_2u5h4d0r4tv0q37ftsokp0oa10, O_RDWR) failed: Permission denied (13) D:\phpStudy\WWW\owl\ThinkPHP\Common\functions.php 第 1263 行.

[ 2016-01-19T17:43:58+08:00 ] ::1 /owl/index.php/Home/login.html
INFO: [ app_init ] --START--
INFO: Run Behavior\BuildLiteBehavior [ RunTime:0.000000s ]
INFO: [ app_init ] --END-- [ RunTime:0.000000s ]
INFO: [ app_begin ] --START--
INFO: Run Behavior\ReadHtmlCacheBehavior [ RunTime:0.001000s ]
INFO: [ app_begin ] --END-- [ RunTime:0.001000s ]
NOTIC: [2] session_start(): open(C:\Windows\sess_2u5h4d0r4tv0q37ftsokp0oa10, O_RDWR) failed: Permission denied (13) D:\phpStudy\WWW\owl\ThinkPHP\Common\functions.php 第 1263 行.

[ 2016-01-19T17:43:58+08:00 ] ::1 /owl/index.php/Home/login.html
INFO: [ app_init ] --START--
INFO: Run Behavior\BuildLiteBehavior [ RunTime:0.000000s ]
INFO: [ app_init ] --END-- [ RunTime:0.001000s ]
INFO: [ app_begin ] --START--
INFO: Run Behavior\ReadHtmlCacheBehavior [ RunTime:0.001000s ]
INFO: [ app_begin ] --END-- [ RunTime:0.001000s ]
NOTIC: [2] session_start(): open(C:\Windows\sess_2u5h4d0r4tv0q37ftsokp0oa10, O_RDWR) failed: Permission denied (13) D:\phpStudy\WWW\owl\ThinkPHP\Common\functions.php 第 1263 行.

[ 2016-01-19T17:44:03+08:00 ] ::1 /owl/index.php/Home/Login
INFO: [ app_init ] --START--
INFO: Run Behavior\BuildLiteBehavior [ RunTime:0.000000s ]
INFO: [ app_init ] --END-- [ RunTime:0.000000s ]
INFO: [ app_begin ] --START--
INFO: Run Behavior\ReadHtmlCacheBehavior [ RunTime:0.000000s ]
INFO: [ app_begin ] --END-- [ RunTime:0.000000s ]
NOTIC: [2] session_start(): open(C:\Windows\sess_2u5h4d0r4tv0q37ftsokp0oa10, O_RDWR) failed: Permission denied (13) D:\phpStudy\WWW\owl\ThinkPHP\Common\functions.php 第 1263 行.

[ 2016-01-19T17:44:03+08:00 ] ::1 /owl/index.php/Home/login.html
INFO: [ app_init ] --START--
INFO: Run Behavior\BuildLiteBehavior [ RunTime:0.000000s ]
INFO: [ app_init ] --END-- [ RunTime:0.001000s ]
INFO: [ app_begin ] --START--
INFO: Run Behavior\ReadHtmlCacheBehavior [ RunTime:0.001000s ]
INFO: [ app_begin ] --END-- [ RunTime:0.001000s ]
NOTIC: [2] session_start(): open(C:\Windows\sess_2u5h4d0r4tv0q37ftsokp0oa10, O_RDWR) failed: Permission denied (13) D:\phpStudy\WWW\owl\ThinkPHP\Common\functions.php 第 1263 行.

[ 2016-01-19T17:44:03+08:00 ] ::1 /owl/index.php/Home/login.html
INFO: [ app_init ] --START--
INFO: Run Behavior\BuildLiteBehavior [ RunTime:0.000000s ]
INFO: [ app_init ] --END-- [ RunTime:0.000000s ]
INFO: [ app_begin ] --START--
INFO: Run Behavior\ReadHtmlCacheBehavior [ RunTime:0.000000s ]
INFO: [ app_begin ] --END-- [ RunTime:0.000000s ]
NOTIC: [2] session_start(): open(C:\Windows\sess_2u5h4d0r4tv0q37ftsokp0oa10, O_RDWR) failed: Permission denied (13) D:\phpStudy\WWW\owl\ThinkPHP\Common\functions.php 第 1263 行.

[ 2016-01-19T17:44:03+08:00 ] ::1 /owl/index.php/Home/login.html
INFO: [ app_init ] --START--
INFO: Run Behavior\BuildLiteBehavior [ RunTime:0.000000s ]
INFO: [ app_init ] --END-- [ RunTime:0.000000s ]
INFO: [ app_begin ] --START--
INFO: Run Behavior\ReadHtmlCacheBehavior [ RunTime:0.000000s ]
INFO: [ app_begin ] --END-- [ RunTime:0.000000s ]
NOTIC: [2] session_start(): open(C:\Windows\sess_2u5h4d0r4tv0q37ftsokp0oa10, O_RDWR) failed: Permission denied (13) D:\phpStudy\WWW\owl\ThinkPHP\Common\functions.php 第 1263 行.

[ 2016-01-19T17:44:03+08:00 ] ::1 /owl/index.php/Home/login.html
INFO: [ app_init ] --START--
INFO: Run Behavior\BuildLiteBehavior [ RunTime:0.000000s ]
INFO: [ app_init ] --END-- [ RunTime:0.000000s ]
INFO: [ app_begin ] --START--
INFO: Run Behavior\ReadHtmlCacheBehavior [ RunTime:0.000000s ]
INFO: [ app_begin ] --END-- [ RunTime:0.000000s ]
NOTIC: [2] session_start(): open(C:\Windows\sess_2u5h4d0r4tv0q37ftsokp0oa10, O_RDWR) failed: Permission denied (13) D:\phpStudy\WWW\owl\ThinkPHP\Common\functions.php 第 1263 行.

[ 2016-01-19T17:44:03+08:00 ] ::1 /owl/index.php/Home/login.html
INFO: [ app_init ] --START--
INFO: Run Behavior\BuildLiteBehavior [ RunTime:0.000000s ]
INFO: [ app_init ] --END-- [ RunTime:0.001000s ]
INFO: [ app_begin ] --START--
INFO: Run Behavior\ReadHtmlCacheBehavior [ RunTime:0.001000s ]
INFO: [ app_begin ] --END-- [ RunTime:0.001000s ]
NOTIC: [2] session_start(): open(C:\Windows\sess_2u5h4d0r4tv0q37ftsokp0oa10, O_RDWR) failed: Permission denied (13) D:\phpStudy\WWW\owl\ThinkPHP\Common\functions.php 第 1263 行.

[ 2016-01-19T17:44:03+08:00 ] ::1 /owl/index.php/Home/login.html
INFO: [ app_init ] --START--
INFO: Run Behavior\BuildLiteBehavior [ RunTime:0.000000s ]
INFO: [ app_init ] --END-- [ RunTime:0.000000s ]
INFO: [ app_begin ] --START--
INFO: Run Behavior\ReadHtmlCacheBehavior [ RunTime:0.000000s ]
INFO: [ app_begin ] --END-- [ RunTime:0.000000s ]
NOTIC: [2] session_start(): open(C:\Windows\sess_2u5h4d0r4tv0q37ftsokp0oa10, O_RDWR) failed: Permission denied (13) D:\phpStudy\WWW\owl\ThinkPHP\Common\functions.php 第 1263 行.

[ 2016-01-19T17:44:03+08:00 ] ::1 /owl/index.php/Home/login.html
INFO: [ app_init ] --START--
INFO: Run Behavior\BuildLiteBehavior [ RunTime:0.000000s ]
INFO: [ app_init ] --END-- [ RunTime:0.001000s ]
INFO: [ app_begin ] --START--
INFO: Run Behavior\ReadHtmlCacheBehavior [ RunTime:0.001000s ]
INFO: [ app_begin ] --END-- [ RunTime:0.001000s ]
NOTIC: [2] session_start(): open(C:\Windows\sess_2u5h4d0r4tv0q37ftsokp0oa10, O_RDWR) failed: Permission denied (13) D:\phpStudy\WWW\owl\ThinkPHP\Common\functions.php 第 1263 行.

[ 2016-01-19T17:44:03+08:00 ] ::1 /owl/index.php/Home/login.html
INFO: [ app_init ] --START--
INFO: Run Behavior\BuildLiteBehavior [ RunTime:0.000000s ]
INFO: [ app_init ] --END-- [ RunTime:0.000000s ]
INFO: [ app_begin ] --START--
INFO: Run Behavior\ReadHtmlCacheBehavior [ RunTime:0.000000s ]
INFO: [ app_begin ] --END-- [ RunTime:0.000000s ]
NOTIC: [2] session_start(): open(C:\Windows\sess_2u5h4d0r4tv0q37ftsokp0oa10, O_RDWR) failed: Permission denied (13) D:\phpStudy\WWW\owl\ThinkPHP\Common\functions.php 第 1263 行.

[ 2016-01-19T17:44:03+08:00 ] ::1 /owl/index.php/Home/login.html
INFO: [ app_init ] --START--
INFO: Run Behavior\BuildLiteBehavior [ RunTime:0.000000s ]
INFO: [ app_init ] --END-- [ RunTime:0.001000s ]
INFO: [ app_begin ] --START--
INFO: Run Behavior\ReadHtmlCacheBehavior [ RunTime:0.000000s ]
INFO: [ app_begin ] --END-- [ RunTime:0.000000s ]
NOTIC: [2] session_start(): open(C:\Windows\sess_2u5h4d0r4tv0q37ftsokp0oa10, O_RDWR) failed: Permission denied (13) D:\phpStudy\WWW\owl\ThinkPHP\Common\functions.php 第 1263 行.

[ 2016-01-19T17:44:03+08:00 ] ::1 /owl/index.php/Home/login.html
INFO: [ app_init ] --START--
INFO: Run Behavior\BuildLiteBehavior [ RunTime:0.000000s ]
INFO: [ app_init ] --END-- [ RunTime:0.000000s ]
INFO: [ app_begin ] --START--
INFO: Run Behavior\ReadHtmlCacheBehavior [ RunTime:0.000000s ]
INFO: [ app_begin ] --END-- [ RunTime:0.000000s ]
NOTIC: [2] session_start(): open(C:\Windows\sess_2u5h4d0r4tv0q37ftsokp0oa10, O_RDWR) failed: Permission denied (13) D:\phpStudy\WWW\owl\ThinkPHP\Common\functions.php 第 1263 行.

[ 2016-01-19T17:44:03+08:00 ] ::1 /owl/index.php/Home/login.html
INFO: [ app_init ] --START--
INFO: Run Behavior\BuildLiteBehavior [ RunTime:0.000000s ]
INFO: [ app_init ] --END-- [ RunTime:0.000000s ]
INFO: [ app_begin ] --START--
INFO: Run Behavior\ReadHtmlCacheBehavior [ RunTime:0.001000s ]
INFO: [ app_begin ] --END-- [ RunTime:0.001000s ]
NOTIC: [2] session_start(): open(C:\Windows\sess_2u5h4d0r4tv0q37ftsokp0oa10, O_RDWR) failed: Permission denied (13) D:\phpStudy\WWW\owl\ThinkPHP\Common\functions.php 第 1263 行.

[ 2016-01-19T17:44:03+08:00 ] ::1 /owl/index.php/Home/login.html
INFO: [ app_init ] --START--
INFO: Run Behavior\BuildLiteBehavior [ RunTime:0.000000s ]
INFO: [ app_init ] --END-- [ RunTime:0.000000s ]
INFO: [ app_begin ] --START--
INFO: Run Behavior\ReadHtmlCacheBehavior [ RunTime:0.000000s ]
INFO: [ app_begin ] --END-- [ RunTime:0.000000s ]
NOTIC: [2] session_start(): open(C:\Windows\sess_2u5h4d0r4tv0q37ftsokp0oa10, O_RDWR) failed: Permission denied (13) D:\phpStudy\WWW\owl\ThinkPHP\Common\functions.php 第 1263 行.

[ 2016-01-19T17:44:03+08:00 ] ::1 /owl/index.php/Home/login.html
INFO: [ app_init ] --START--
INFO: Run Behavior\BuildLiteBehavior [ RunTime:0.000000s ]
INFO: [ app_init ] --END-- [ RunTime:0.001000s ]
INFO: [ app_begin ] --START--
INFO: Run Behavior\ReadHtmlCacheBehavior [ RunTime:0.000000s ]
INFO: [ app_begin ] --END-- [ RunTime:0.000000s ]
NOTIC: [2] session_start(): open(C:\Windows\sess_2u5h4d0r4tv0q37ftsokp0oa10, O_RDWR) failed: Permission denied (13) D:\phpStudy\WWW\owl\ThinkPHP\Common\functions.php 第 1263 行.

[ 2016-01-19T17:44:03+08:00 ] ::1 /owl/index.php/Home/login.html
INFO: [ app_init ] --START--
INFO: Run Behavior\BuildLiteBehavior [ RunTime:0.000000s ]
INFO: [ app_init ] --END-- [ RunTime:0.000000s ]
INFO: [ app_begin ] --START--
INFO: Run Behavior\ReadHtmlCacheBehavior [ RunTime:0.000000s ]
INFO: [ app_begin ] --END-- [ RunTime:0.000000s ]
NOTIC: [2] session_start(): open(C:\Windows\sess_2u5h4d0r4tv0q37ftsokp0oa10, O_RDWR) failed: Permission denied (13) D:\phpStudy\WWW\owl\ThinkPHP\Common\functions.php 第 1263 行.

[ 2016-01-19T17:44:03+08:00 ] ::1 /owl/index.php/Home/login.html
INFO: [ app_init ] --START--
INFO: Run Behavior\BuildLiteBehavior [ RunTime:0.000000s ]
INFO: [ app_init ] --END-- [ RunTime:0.001000s ]
INFO: [ app_begin ] --START--
INFO: Run Behavior\ReadHtmlCacheBehavior [ RunTime:0.001000s ]
INFO: [ app_begin ] --END-- [ RunTime:0.001000s ]
NOTIC: [2] session_start(): open(C:\Windows\sess_2u5h4d0r4tv0q37ftsokp0oa10, O_RDWR) failed: Permission denied (13) D:\phpStudy\WWW\owl\ThinkPHP\Common\functions.php 第 1263 行.

[ 2016-01-19T17:44:03+08:00 ] ::1 /owl/index.php/Home/login.html
INFO: [ app_init ] --START--
INFO: Run Behavior\BuildLiteBehavior [ RunTime:0.000000s ]
INFO: [ app_init ] --END-- [ RunTime:0.000000s ]
INFO: [ app_begin ] --START--
INFO: Run Behavior\ReadHtmlCacheBehavior [ RunTime:0.001000s ]
INFO: [ app_begin ] --END-- [ RunTime:0.001000s ]
NOTIC: [2] session_start(): open(C:\Windows\sess_2u5h4d0r4tv0q37ftsokp0oa10, O_RDWR) failed: Permission denied (13) D:\phpStudy\WWW\owl\ThinkPHP\Common\functions.php 第 1263 行.

[ 2016-01-19T17:44:03+08:00 ] ::1 /owl/index.php/Home/login.html
INFO: [ app_init ] --START--
INFO: Run Behavior\BuildLiteBehavior [ RunTime:0.000000s ]
INFO: [ app_init ] --END-- [ RunTime:0.000000s ]
INFO: [ app_begin ] --START--
INFO: Run Behavior\ReadHtmlCacheBehavior [ RunTime:0.001000s ]
INFO: [ app_begin ] --END-- [ RunTime:0.001000s ]
NOTIC: [2] session_start(): open(C:\Windows\sess_2u5h4d0r4tv0q37ftsokp0oa10, O_RDWR) failed: Permission denied (13) D:\phpStudy\WWW\owl\ThinkPHP\Common\functions.php 第 1263 行.

[ 2016-01-19T17:44:03+08:00 ] ::1 /owl/index.php/Home/login.html
INFO: [ app_init ] --START--
INFO: Run Behavior\BuildLiteBehavior [ RunTime:0.000000s ]
INFO: [ app_init ] --END-- [ RunTime:0.000000s ]
INFO: [ app_begin ] --START--
INFO: Run Behavior\ReadHtmlCacheBehavior [ RunTime:0.001000s ]
INFO: [ app_begin ] --END-- [ RunTime:0.001000s ]
NOTIC: [2] session_start(): open(C:\Windows\sess_2u5h4d0r4tv0q37ftsokp0oa10, O_RDWR) failed: Permission denied (13) D:\phpStudy\WWW\owl\ThinkPHP\Common\functions.php 第 1263 行.

[ 2016-01-19T17:44:03+08:00 ] ::1 /owl/index.php/Home/login.html
INFO: [ app_init ] --START--
INFO: Run Behavior\BuildLiteBehavior [ RunTime:0.000000s ]
INFO: [ app_init ] --END-- [ RunTime:0.001001s ]
INFO: [ app_begin ] --START--
INFO: Run Behavior\ReadHtmlCacheBehavior [ RunTime:0.000000s ]
INFO: [ app_begin ] --END-- [ RunTime:0.001000s ]
NOTIC: [2] session_start(): open(C:\Windows\sess_2u5h4d0r4tv0q37ftsokp0oa10, O_RDWR) failed: Permission denied (13) D:\phpStudy\WWW\owl\ThinkPHP\Common\functions.php 第 1263 行.

[ 2016-01-19T17:44:03+08:00 ] ::1 /owl/index.php/Home/login.html
INFO: [ app_init ] --START--
INFO: Run Behavior\BuildLiteBehavior [ RunTime:0.000000s ]
INFO: [ app_init ] --END-- [ RunTime:0.000000s ]
INFO: [ app_begin ] --START--
INFO: Run Behavior\ReadHtmlCacheBehavior [ RunTime:0.000000s ]
INFO: [ app_begin ] --END-- [ RunTime:0.000000s ]
NOTIC: [2] session_start(): open(C:\Windows\sess_2u5h4d0r4tv0q37ftsokp0oa10, O_RDWR) failed: Permission denied (13) D:\phpStudy\WWW\owl\ThinkPHP\Common\functions.php 第 1263 行.

